<?xml version="1.0" encoding="UTF-8"?>
<coverage generated="1539132834830" clover="3.2.0">
  <project timestamp="1539132834832" name="All files">
    <metrics statements="355" coveredstatements="60" conditionals="162" coveredconditionals="18" methods="155" coveredmethods="7" elements="672" coveredelements="85" complexity="0" loc="355" ncloc="355" packages="13" files="46" classes="46">
      <package name="resources.assets.js">
        <metrics statements="6" coveredstatements="5" conditionals="2" coveredconditionals="1" methods="1" coveredmethods="1"/>
        <file name="axios-config.js" path="/home/jandaryl/Sites/thesis/resources/assets/js/axios-config.js">
          <metrics statements="4" coveredstatements="3" conditionals="2" coveredconditionals="1" methods="0" coveredmethods="0"/>
          <line num="9" count="1" type="stmt"/>
          <line num="14" count="1" type="stmt"/>
          <line num="19" count="1" type="cond" truecount="1" falsecount="1"/>
          <line num="20" count="0" type="stmt"/>
        </file>
        <file name="vue-i18n-config.js" path="/home/jandaryl/Sites/thesis/resources/assets/js/vue-i18n-config.js">
          <metrics statements="2" coveredstatements="2" conditionals="0" coveredconditionals="0" methods="1" coveredmethods="1"/>
          <line num="15" count="2" type="stmt"/>
          <line num="22" count="1" type="stmt"/>
        </file>
        <file name="vue-i18n-locales.generated.js" path="/home/jandaryl/Sites/thesis/resources/assets/js/vue-i18n-locales.generated.js">
          <metrics statements="0" coveredstatements="0" conditionals="0" coveredconditionals="0" methods="0" coveredmethods="0"/>
        </file>
      </package>
      <package name="resources.assets.js.backend">
        <metrics statements="1" coveredstatements="1" conditionals="18" coveredconditionals="15" methods="1" coveredmethods="1"/>
        <file name="_nav.js" path="/home/jandaryl/Sites/thesis/resources/assets/js/backend/_nav.js">
          <metrics statements="1" coveredstatements="1" conditionals="18" coveredconditionals="15" methods="1" coveredmethods="1"/>
          <line num="6" count="1" type="stmt"/>
        </file>
      </package>
      <package name="resources.assets.js.backend.containers">
        <metrics statements="9" coveredstatements="8" conditionals="4" coveredconditionals="2" methods="4" coveredmethods="4"/>
        <file name="Full.vue" path="/home/jandaryl/Sites/thesis/resources/assets/js/backend/containers/Full.vue">
          <metrics statements="9" coveredstatements="8" conditionals="4" coveredconditionals="2" methods="4" coveredmethods="4"/>
          <line num="33" count="2" type="stmt"/>
          <line num="35" count="2" type="stmt"/>
          <line num="36" count="2" type="stmt"/>
          <line num="45" count="1" type="stmt"/>
          <line num="53" count="1" type="stmt"/>
          <line num="54" count="1" type="stmt"/>
          <line num="58" count="1" type="stmt"/>
          <line num="65" count="10" type="cond" truecount="2" falsecount="2"/>
          <line num="67" count="0" type="stmt"/>
        </file>
      </package>
      <package name="resources.assets.js.backend.mixins">
        <metrics statements="29" coveredstatements="0" conditionals="18" coveredconditionals="0" methods="1" coveredmethods="0"/>
        <file name="form.js" path="/home/jandaryl/Sites/thesis/resources/assets/js/backend/mixins/form.js">
          <metrics statements="29" coveredstatements="0" conditionals="18" coveredconditionals="0" methods="1" coveredmethods="0"/>
          <line num="15" count="0" type="stmt"/>
          <line num="22" count="0" type="stmt"/>
          <line num="27" count="0" type="cond" truecount="0" falsecount="2"/>
          <line num="28" count="0" type="stmt"/>
          <line num="32" count="0" type="stmt"/>
          <line num="33" count="0" type="cond" truecount="0" falsecount="2"/>
          <line num="34" count="0" type="stmt"/>
          <line num="37" count="0" type="stmt"/>
          <line num="43" count="0" type="cond" truecount="0" falsecount="2"/>
          <line num="44" count="0" type="stmt"/>
          <line num="48" count="0" type="cond" truecount="0" falsecount="4"/>
          <line num="53" count="0" type="stmt"/>
          <line num="54" count="0" type="stmt"/>
          <line num="55" count="0" type="cond" truecount="0" falsecount="2"/>
          <line num="59" count="0" type="stmt"/>
          <line num="61" count="0" type="cond" truecount="0" falsecount="2"/>
          <line num="62" count="0" type="stmt"/>
          <line num="65" count="0" type="stmt"/>
          <line num="66" count="0" type="stmt"/>
          <line num="67" count="0" type="stmt"/>
          <line num="69" count="0" type="stmt"/>
          <line num="70" count="0" type="cond" truecount="0" falsecount="2"/>
          <line num="71" count="0" type="stmt"/>
          <line num="74" count="0" type="stmt"/>
          <line num="77" count="0" type="cond" truecount="0" falsecount="2"/>
          <line num="78" count="0" type="stmt"/>
          <line num="79" count="0" type="stmt"/>
          <line num="82" count="0" type="stmt"/>
          <line num="87" count="0" type="stmt"/>
        </file>
      </package>
      <package name="resources.assets.js.backend.router">
        <metrics statements="10" coveredstatements="2" conditionals="0" coveredconditionals="0" methods="2" coveredmethods="1"/>
        <file name="index.js" path="/home/jandaryl/Sites/thesis/resources/assets/js/backend/router/index.js">
          <metrics statements="10" coveredstatements="2" conditionals="0" coveredconditionals="0" methods="2" coveredmethods="1"/>
          <line num="35" count="2" type="stmt"/>
          <line num="42" count="1" type="stmt"/>
          <line num="46" count="0" type="stmt"/>
          <line num="77" count="0" type="stmt"/>
          <line num="115" count="0" type="stmt"/>
          <line num="145" count="0" type="stmt"/>
          <line num="183" count="0" type="stmt"/>
          <line num="221" count="0" type="stmt"/>
          <line num="259" count="0" type="stmt"/>
          <line num="297" count="0" type="stmt"/>
        </file>
      </package>
      <package name="resources.assets.js.backend.store">
        <metrics statements="13" coveredstatements="1" conditionals="0" coveredconditionals="0" methods="6" coveredmethods="0"/>
        <file name="actions.js" path="/home/jandaryl/Sites/thesis/resources/assets/js/backend/store/actions.js">
          <metrics statements="9" coveredstatements="0" conditionals="0" coveredconditionals="0" methods="4" coveredmethods="0"/>
          <line num="15" count="0" type="stmt"/>
          <line num="17" count="0" type="stmt"/>
          <line num="18" count="0" type="stmt"/>
          <line num="33" count="0" type="stmt"/>
          <line num="34" count="0" type="stmt"/>
          <line num="35" count="0" type="stmt"/>
          <line num="36" count="0" type="stmt"/>
          <line num="37" count="0" type="stmt"/>
          <line num="39" count="0" type="stmt"/>
        </file>
        <file name="index.js" path="/home/jandaryl/Sites/thesis/resources/assets/js/backend/store/index.js">
          <metrics statements="3" coveredstatements="1" conditionals="0" coveredconditionals="0" methods="1" coveredmethods="0"/>
          <line num="16" count="1" type="stmt"/>
          <line num="28" count="0" type="stmt"/>
          <line num="30" count="0" type="stmt"/>
        </file>
        <file name="mutations.js" path="/home/jandaryl/Sites/thesis/resources/assets/js/backend/store/mutations.js">
          <metrics statements="1" coveredstatements="0" conditionals="0" coveredconditionals="0" methods="1" coveredmethods="0"/>
          <line num="7" count="0" type="stmt"/>
        </file>
      </package>
      <package name="resources.assets.js.backend.views">
        <metrics statements="133" coveredstatements="19" conditionals="49" coveredconditionals="0" methods="76" coveredmethods="0"/>
        <file name="Dashboard.vue" path="/home/jandaryl/Sites/thesis/resources/assets/js/backend/views/Dashboard.vue">
          <metrics statements="5" coveredstatements="1" conditionals="6" coveredconditionals="0" methods="2" coveredmethods="0"/>
          <line num="69" count="2" type="stmt"/>
          <line num="74" count="0" type="stmt"/>
          <line num="85" count="0" type="cond" truecount="0" falsecount="6"/>
          <line num="87" count="0" type="stmt"/>
          <line num="88" count="0" type="stmt"/>
        </file>
        <file name="FormSettingForm.vue" path="/home/jandaryl/Sites/thesis/resources/assets/js/backend/views/FormSettingForm.vue">
          <metrics statements="8" coveredstatements="2" conditionals="4" coveredconditionals="0" methods="2" coveredmethods="0"/>
          <line num="91" count="2" type="stmt"/>
          <line num="92" count="2" type="stmt"/>
          <line num="98" count="0" type="stmt"/>
          <line num="115" count="0" type="cond" truecount="0" falsecount="4"/>
          <line num="116" count="0" type="stmt"/>
          <line num="118" count="0" type="stmt"/>
          <line num="120" count="0" type="stmt"/>
          <line num="121" count="0" type="stmt"/>
        </file>
        <file name="FormSettingList.vue" path="/home/jandaryl/Sites/thesis/resources/assets/js/backend/views/FormSettingList.vue">
          <metrics statements="4" coveredstatements="0" conditionals="0" coveredconditionals="0" methods="4" coveredmethods="0"/>
          <line num="53" count="0" type="stmt"/>
          <line num="67" count="0" type="stmt"/>
          <line num="70" count="0" type="stmt"/>
          <line num="73" count="0" type="stmt"/>
        </file>
        <file name="FormSubmissionList.vue" path="/home/jandaryl/Sites/thesis/resources/assets/js/backend/views/FormSubmissionList.vue">
          <metrics statements="6" coveredstatements="0" conditionals="0" coveredconditionals="0" methods="6" coveredmethods="0"/>
          <line num="51" count="0" type="stmt"/>
          <line num="68" count="0" type="stmt"/>
          <line num="73" count="0" type="stmt"/>
          <line num="76" count="0" type="stmt"/>
          <line num="79" count="0" type="stmt"/>
          <line num="82" count="0" type="stmt"/>
        </file>
        <file name="FormSubmissionShow.vue" path="/home/jandaryl/Sites/thesis/resources/assets/js/backend/views/FormSubmissionShow.vue">
          <metrics statements="5" coveredstatements="1" conditionals="4" coveredconditionals="0" methods="2" coveredmethods="0"/>
          <line num="26" count="2" type="stmt"/>
          <line num="37" count="0" type="stmt"/>
          <line num="41" count="0" type="cond" truecount="0" falsecount="4"/>
          <line num="42" count="0" type="stmt"/>
          <line num="43" count="0" type="stmt"/>
        </file>
        <file name="MetaForm.vue" path="/home/jandaryl/Sites/thesis/resources/assets/js/backend/views/MetaForm.vue">
          <metrics statements="7" coveredstatements="2" conditionals="4" coveredconditionals="0" methods="3" coveredmethods="0"/>
          <line num="94" count="2" type="stmt"/>
          <line num="95" count="2" type="stmt"/>
          <line num="101" count="0" type="stmt"/>
          <line num="116" count="0" type="stmt"/>
          <line num="119" count="0" type="cond" truecount="0" falsecount="4"/>
          <line num="120" count="0" type="stmt"/>
          <line num="121" count="0" type="stmt"/>
        </file>
        <file name="MetaList.vue" path="/home/jandaryl/Sites/thesis/resources/assets/js/backend/views/MetaList.vue">
          <metrics statements="6" coveredstatements="0" conditionals="0" coveredconditionals="0" methods="6" coveredmethods="0"/>
          <line num="54" count="0" type="stmt"/>
          <line num="74" count="0" type="stmt"/>
          <line num="79" count="0" type="stmt"/>
          <line num="82" count="0" type="stmt"/>
          <line num="85" count="0" type="stmt"/>
          <line num="88" count="0" type="stmt"/>
        </file>
        <file name="PostForm.vue" path="/home/jandaryl/Sites/thesis/resources/assets/js/backend/views/PostForm.vue">
          <metrics statements="9" coveredstatements="2" conditionals="4" coveredconditionals="0" methods="3" coveredmethods="0"/>
          <line num="281" count="2" type="stmt"/>
          <line num="282" count="2" type="stmt"/>
          <line num="288" count="0" type="stmt"/>
          <line num="324" count="0" type="cond" truecount="0" falsecount="4"/>
          <line num="325" count="0" type="stmt"/>
          <line num="331" count="0" type="stmt"/>
          <line num="334" count="0" type="stmt"/>
          <line num="335" count="0" type="stmt"/>
          <line num="336" count="0" type="stmt"/>
        </file>
        <file name="PostList.vue" path="/home/jandaryl/Sites/thesis/resources/assets/js/backend/views/PostList.vue">
          <metrics statements="13" coveredstatements="1" conditionals="0" coveredconditionals="0" methods="10" coveredmethods="0"/>
          <line num="80" count="2" type="stmt"/>
          <line num="85" count="0" type="stmt"/>
          <line num="108" count="0" type="stmt"/>
          <line num="113" count="0" type="stmt"/>
          <line num="116" count="0" type="stmt"/>
          <line num="119" count="0" type="stmt"/>
          <line num="122" count="0" type="stmt"/>
          <line num="124" count="0" type="stmt"/>
          <line num="125" count="0" type="stmt"/>
          <line num="127" count="0" type="stmt"/>
          <line num="130" count="0" type="stmt"/>
          <line num="131" count="0" type="stmt"/>
          <line num="133" count="0" type="stmt"/>
        </file>
        <file name="RedirectionForm.vue" path="/home/jandaryl/Sites/thesis/resources/assets/js/backend/views/RedirectionForm.vue">
          <metrics statements="7" coveredstatements="2" conditionals="4" coveredconditionals="0" methods="2" coveredmethods="0"/>
          <line num="87" count="2" type="stmt"/>
          <line num="88" count="2" type="stmt"/>
          <line num="94" count="0" type="stmt"/>
          <line num="107" count="0" type="cond" truecount="0" falsecount="4"/>
          <line num="108" count="0" type="stmt"/>
          <line num="110" count="0" type="stmt"/>
          <line num="111" count="0" type="stmt"/>
        </file>
        <file name="RedirectionList.vue" path="/home/jandaryl/Sites/thesis/resources/assets/js/backend/views/RedirectionList.vue">
          <metrics statements="17" coveredstatements="1" conditionals="5" coveredconditionals="0" methods="9" coveredmethods="0"/>
          <line num="69" count="2" type="stmt"/>
          <line num="74" count="0" type="stmt"/>
          <line num="97" count="0" type="stmt"/>
          <line num="102" count="0" type="stmt"/>
          <line num="105" count="0" type="stmt"/>
          <line num="108" count="0" type="stmt"/>
          <line num="111" count="0" type="stmt"/>
          <line num="113" count="0" type="stmt"/>
          <line num="114" count="0" type="stmt"/>
          <line num="116" count="0" type="stmt"/>
          <line num="119" count="0" type="cond" truecount="0" falsecount="5"/>
          <line num="120" count="0" type="stmt"/>
          <line num="121" count="0" type="stmt"/>
          <line num="124" count="0" type="stmt"/>
          <line num="125" count="0" type="stmt"/>
          <line num="126" count="0" type="stmt"/>
          <line num="128" count="0" type="stmt"/>
        </file>
        <file name="RoleForm.vue" path="/home/jandaryl/Sites/thesis/resources/assets/js/backend/views/RoleForm.vue">
          <metrics statements="14" coveredstatements="3" conditionals="6" coveredconditionals="0" methods="6" coveredmethods="0"/>
          <line num="127" count="2" type="stmt"/>
          <line num="128" count="2" type="stmt"/>
          <line num="132" count="2" type="stmt"/>
          <line num="138" count="0" type="stmt"/>
          <line num="152" count="0" type="cond" truecount="0" falsecount="4"/>
          <line num="153" count="0" type="stmt"/>
          <line num="155" count="0" type="stmt"/>
          <line num="157" count="0" type="stmt"/>
          <line num="158" count="0" type="stmt"/>
          <line num="161" count="0" type="stmt"/>
          <line num="162" count="0" type="stmt"/>
          <line num="170" count="0" type="cond" truecount="0" falsecount="2"/>
          <line num="171" count="0" type="stmt"/>
          <line num="172" count="0" type="stmt"/>
        </file>
        <file name="RoleList.vue" path="/home/jandaryl/Sites/thesis/resources/assets/js/backend/views/RoleList.vue">
          <metrics statements="4" coveredstatements="0" conditionals="0" coveredconditionals="0" methods="4" coveredmethods="0"/>
          <line num="53" count="0" type="stmt"/>
          <line num="68" count="0" type="stmt"/>
          <line num="71" count="0" type="stmt"/>
          <line num="74" count="0" type="stmt"/>
        </file>
        <file name="Search.vue" path="/home/jandaryl/Sites/thesis/resources/assets/js/backend/views/Search.vue">
          <metrics statements="6" coveredstatements="1" conditionals="6" coveredconditionals="0" methods="3" coveredmethods="0"/>
          <line num="16" count="2" type="stmt"/>
          <line num="21" count="0" type="stmt"/>
          <line num="29" count="0" type="stmt"/>
          <line num="32" count="0" type="cond" truecount="0" falsecount="6"/>
          <line num="34" count="0" type="stmt"/>
          <line num="39" count="0" type="stmt"/>
        </file>
        <file name="UserForm.vue" path="/home/jandaryl/Sites/thesis/resources/assets/js/backend/views/UserForm.vue">
          <metrics statements="10" coveredstatements="2" conditionals="6" coveredconditionals="0" methods="4" coveredmethods="0"/>
          <line num="126" count="2" type="stmt"/>
          <line num="127" count="2" type="stmt"/>
          <line num="133" count="0" type="stmt"/>
          <line num="148" count="0" type="cond" truecount="0" falsecount="4"/>
          <line num="149" count="0" type="stmt"/>
          <line num="150" count="0" type="stmt"/>
          <line num="151" count="0" type="stmt"/>
          <line num="155" count="0" type="cond" truecount="0" falsecount="2"/>
          <line num="156" count="0" type="stmt"/>
          <line num="157" count="0" type="stmt"/>
        </file>
        <file name="UserList.vue" path="/home/jandaryl/Sites/thesis/resources/assets/js/backend/views/UserList.vue">
          <metrics statements="12" coveredstatements="1" conditionals="0" coveredconditionals="0" methods="10" coveredmethods="0"/>
          <line num="65" count="2" type="stmt"/>
          <line num="70" count="0" type="stmt"/>
          <line num="94" count="0" type="stmt"/>
          <line num="99" count="0" type="stmt"/>
          <line num="102" count="0" type="stmt"/>
          <line num="105" count="0" type="stmt"/>
          <line num="107" count="0" type="stmt"/>
          <line num="108" count="0" type="stmt"/>
          <line num="110" count="0" type="stmt"/>
          <line num="114" count="0" type="stmt"/>
          <line num="117" count="0" type="stmt"/>
          <line num="118" count="0" type="stmt"/>
        </file>
      </package>
      <package name="resources.assets.vendor.coreui.components.Aside">
        <metrics statements="15" coveredstatements="2" conditionals="9" coveredconditionals="0" methods="7" coveredmethods="0"/>
        <file name="Aside.vue" path="/home/jandaryl/Sites/thesis/resources/assets/vendor/coreui/components/Aside/Aside.vue">
          <metrics statements="5" coveredstatements="0" conditionals="4" coveredconditionals="0" methods="3" coveredmethods="0"/>
          <line num="25" count="0" type="stmt"/>
          <line num="26" count="0" type="stmt"/>
          <line num="30" count="0" type="cond" truecount="0" falsecount="2"/>
          <line num="31" count="0" type="stmt"/>
          <line num="34" count="0" type="cond" truecount="0" falsecount="2"/>
        </file>
        <file name="AsideToggler.vue" path="/home/jandaryl/Sites/thesis/resources/assets/vendor/coreui/components/Aside/AsideToggler.vue">
          <metrics statements="10" coveredstatements="2" conditionals="5" coveredconditionals="0" methods="4" coveredmethods="0"/>
          <line num="13" count="1" type="stmt"/>
          <line num="14" count="1" type="stmt"/>
          <line num="30" count="0" type="stmt"/>
          <line num="41" count="0" type="stmt"/>
          <line num="43" count="0" type="stmt"/>
          <line num="44" count="0" type="cond" truecount="0" falsecount="5"/>
          <line num="45" count="0" type="stmt"/>
          <line num="47" count="0" type="stmt"/>
          <line num="50" count="0" type="stmt"/>
          <line num="51" count="0" type="stmt"/>
        </file>
        <file name="index.js" path="/home/jandaryl/Sites/thesis/resources/assets/vendor/coreui/components/Aside/index.js">
          <metrics statements="0" coveredstatements="0" conditionals="0" coveredconditionals="0" methods="0" coveredmethods="0"/>
        </file>
      </package>
      <package name="resources.assets.vendor.coreui.components.Breadcrumb">
        <metrics statements="7" coveredstatements="0" conditionals="8" coveredconditionals="0" methods="3" coveredmethods="0"/>
        <file name="Breadcrumb.vue" path="/home/jandaryl/Sites/thesis/resources/assets/vendor/coreui/components/Breadcrumb/Breadcrumb.vue">
          <metrics statements="7" coveredstatements="0" conditionals="8" coveredconditionals="0" methods="3" coveredmethods="0"/>
          <line num="16" count="0" type="stmt"/>
          <line num="21" count="0" type="stmt"/>
          <line num="24" count="0" type="cond" truecount="0" falsecount="4"/>
          <line num="25" count="0" type="cond" truecount="0" falsecount="2"/>
          <line num="27" count="0" type="cond" truecount="0" falsecount="2"/>
          <line num="28" count="0" type="stmt"/>
          <line num="30" count="0" type="stmt"/>
        </file>
      </package>
      <package name="resources.assets.vendor.coreui.components.Sidebar">
        <metrics statements="52" coveredstatements="11" conditionals="23" coveredconditionals="0" methods="32" coveredmethods="0"/>
        <file name="Sidebar.vue" path="/home/jandaryl/Sites/thesis/resources/assets/vendor/coreui/components/Sidebar/Sidebar.vue">
          <metrics statements="3" coveredstatements="0" conditionals="2" coveredconditionals="0" methods="2" coveredmethods="0"/>
          <line num="16" count="0" type="stmt"/>
          <line num="20" count="0" type="cond" truecount="0" falsecount="2"/>
          <line num="21" count="0" type="stmt"/>
        </file>
        <file name="SidebarMinimizer.vue" path="/home/jandaryl/Sites/thesis/resources/assets/vendor/coreui/components/Sidebar/SidebarMinimizer.vue">
          <metrics statements="5" coveredstatements="0" conditionals="0" coveredconditionals="0" methods="3" coveredmethods="0"/>
          <line num="10" count="0" type="stmt"/>
          <line num="11" count="0" type="stmt"/>
          <line num="14" count="0" type="stmt"/>
          <line num="15" count="0" type="stmt"/>
          <line num="18" count="0" type="stmt"/>
        </file>
        <file name="SidebarNav.vue" path="/home/jandaryl/Sites/thesis/resources/assets/vendor/coreui/components/Sidebar/SidebarNav.vue">
          <metrics statements="10" coveredstatements="7" conditionals="0" coveredconditionals="0" methods="4" coveredmethods="0"/>
          <line num="52" count="1" type="stmt"/>
          <line num="53" count="1" type="stmt"/>
          <line num="54" count="1" type="stmt"/>
          <line num="55" count="1" type="stmt"/>
          <line num="56" count="1" type="stmt"/>
          <line num="57" count="1" type="stmt"/>
          <line num="58" count="1" type="stmt"/>
          <line num="75" count="0" type="stmt"/>
          <line num="79" count="0" type="stmt"/>
          <line num="85" count="0" type="stmt"/>
        </file>
        <file name="SidebarNavDivider.vue" path="/home/jandaryl/Sites/thesis/resources/assets/vendor/coreui/components/Sidebar/SidebarNavDivider.vue">
          <metrics statements="2" coveredstatements="0" conditionals="2" coveredconditionals="0" methods="2" coveredmethods="0"/>
          <line num="16" count="0" type="stmt"/>
          <line num="22" count="0" type="cond" truecount="0" falsecount="2"/>
        </file>
        <file name="SidebarNavDropdown.vue" path="/home/jandaryl/Sites/thesis/resources/assets/vendor/coreui/components/Sidebar/SidebarNavDropdown.vue">
          <metrics statements="3" coveredstatements="0" conditionals="0" coveredconditionals="0" methods="2" coveredmethods="0"/>
          <line num="28" count="0" type="stmt"/>
          <line num="36" count="0" type="stmt"/>
          <line num="37" count="0" type="stmt"/>
        </file>
        <file name="SidebarNavItem.vue" path="/home/jandaryl/Sites/thesis/resources/assets/vendor/coreui/components/Sidebar/SidebarNavItem.vue">
          <metrics statements="4" coveredstatements="0" conditionals="4" coveredconditionals="0" methods="3" coveredmethods="0"/>
          <line num="18" count="0" type="stmt"/>
          <line num="24" count="0" type="cond" truecount="0" falsecount="2"/>
          <line num="29" count="0" type="cond" truecount="0" falsecount="2"/>
          <line num="30" count="0" type="stmt"/>
        </file>
        <file name="SidebarNavLabel.vue" path="/home/jandaryl/Sites/thesis/resources/assets/vendor/coreui/components/Sidebar/SidebarNavLabel.vue">
          <metrics statements="5" coveredstatements="2" conditionals="2" coveredconditionals="0" methods="3" coveredmethods="0"/>
          <line num="8" count="1" type="stmt"/>
          <line num="9" count="1" type="stmt"/>
          <line num="41" count="0" type="stmt"/>
          <line num="45" count="0" type="stmt"/>
          <line num="50" count="0" type="cond" truecount="0" falsecount="2"/>
        </file>
        <file name="SidebarNavLink.vue" path="/home/jandaryl/Sites/thesis/resources/assets/vendor/coreui/components/Sidebar/SidebarNavLink.vue">
          <metrics statements="7" coveredstatements="0" conditionals="6" coveredconditionals="0" methods="6" coveredmethods="0"/>
          <line num="35" count="0" type="stmt"/>
          <line num="52" count="0" type="stmt"/>
          <line num="59" count="0" type="cond" truecount="0" falsecount="2"/>
          <line num="62" count="0" type="cond" truecount="0" falsecount="2"/>
          <line num="65" count="0" type="cond" truecount="0" falsecount="2"/>
          <line num="66" count="0" type="stmt"/>
          <line num="68" count="0" type="stmt"/>
        </file>
        <file name="SidebarNavTitle.vue" path="/home/jandaryl/Sites/thesis/resources/assets/vendor/coreui/components/Sidebar/SidebarNavTitle.vue">
          <metrics statements="2" coveredstatements="0" conditionals="2" coveredconditionals="0" methods="3" coveredmethods="0"/>
          <line num="32" count="0" type="stmt"/>
          <line num="38" count="0" type="cond" truecount="0" falsecount="2"/>
        </file>
        <file name="SidebarToggler.vue" path="/home/jandaryl/Sites/thesis/resources/assets/vendor/coreui/components/Sidebar/SidebarToggler.vue">
          <metrics statements="11" coveredstatements="2" conditionals="5" coveredconditionals="0" methods="4" coveredmethods="0"/>
          <line num="13" count="1" type="stmt"/>
          <line num="14" count="1" type="stmt"/>
          <line num="30" count="0" type="stmt"/>
          <line num="38" count="0" type="stmt"/>
          <line num="41" count="0" type="stmt"/>
          <line num="43" count="0" type="stmt"/>
          <line num="44" count="0" type="cond" truecount="0" falsecount="5"/>
          <line num="45" count="0" type="stmt"/>
          <line num="47" count="0" type="stmt"/>
          <line num="50" count="0" type="stmt"/>
          <line num="51" count="0" type="stmt"/>
        </file>
        <file name="index.js" path="/home/jandaryl/Sites/thesis/resources/assets/vendor/coreui/components/Sidebar/index.js">
          <metrics statements="0" coveredstatements="0" conditionals="0" coveredconditionals="0" methods="0" coveredmethods="0"/>
        </file>
      </package>
      <package name="resources.assets.vendor.coreui.shared">
        <metrics statements="8" coveredstatements="3" conditionals="0" coveredconditionals="0" methods="3" coveredmethods="0"/>
        <file name="classes.js" path="/home/jandaryl/Sites/thesis/resources/assets/vendor/coreui/shared/classes.js">
          <metrics statements="4" coveredstatements="3" conditionals="0" coveredconditionals="0" methods="1" coveredmethods="0"/>
          <line num="1" count="1" type="stmt"/>
          <line num="9" count="1" type="stmt"/>
          <line num="17" count="1" type="stmt"/>
          <line num="20" count="0" type="stmt"/>
        </file>
        <file name="toggle-classes.js" path="/home/jandaryl/Sites/thesis/resources/assets/vendor/coreui/shared/toggle-classes.js">
          <metrics statements="4" coveredstatements="0" conditionals="0" coveredconditionals="0" methods="2" coveredmethods="0"/>
          <line num="2" count="0" type="stmt"/>
          <line num="3" count="0" type="stmt"/>
          <line num="4" count="0" type="stmt"/>
          <line num="5" count="0" type="stmt"/>
        </file>
      </package>
      <package name="tests.Unit.Frontend.Utils.helpers">
        <metrics statements="13" coveredstatements="6" conditionals="1" coveredconditionals="0" methods="7" coveredmethods="0"/>
        <file name="unit-test-wrappers.js" path="/home/jandaryl/Sites/thesis/tests/Unit/Frontend/Utils/helpers/unit-test-wrappers.js">
          <metrics statements="13" coveredstatements="6" conditionals="1" coveredconditionals="0" methods="7" coveredmethods="0"/>
          <line num="5" count="1" type="stmt"/>
          <line num="6" count="0" type="stmt"/>
          <line num="9" count="1" type="stmt"/>
          <line num="10" count="0" type="stmt"/>
          <line num="13" count="1" type="cond" truecount="0" falsecount="1"/>
          <line num="14" count="0" type="stmt"/>
          <line num="17" count="1" type="stmt"/>
          <line num="18" count="0" type="stmt"/>
          <line num="21" count="1" type="stmt"/>
          <line num="22" count="0" type="stmt"/>
          <line num="25" count="1" type="stmt"/>
          <line num="26" count="0" type="stmt"/>
          <line num="31" count="0" type="stmt"/>
        </file>
      </package>
      <package name="tests.Unit.Frontend.Utils.stubs">
        <metrics statements="59" coveredstatements="2" conditionals="30" coveredconditionals="0" methods="12" coveredmethods="0"/>
        <file name="createApp.js" path="/home/jandaryl/Sites/thesis/tests/Unit/Frontend/Utils/stubs/createApp.js">
          <metrics statements="57" coveredstatements="0" conditionals="30" coveredconditionals="0" methods="12" coveredmethods="0"/>
          <line num="68" count="0" type="stmt"/>
          <line num="75" count="0" type="stmt"/>
          <line num="82" count="0" type="stmt"/>
          <line num="91" count="0" type="stmt"/>
          <line num="100" count="0" type="stmt"/>
          <line num="109" count="0" type="cond" truecount="0" falsecount="2"/>
          <line num="110" count="0" type="stmt"/>
          <line num="111" count="0" type="cond" truecount="0" falsecount="2"/>
          <line num="112" count="0" type="stmt"/>
          <line num="114" count="0" type="stmt"/>
          <line num="137" count="0" type="stmt"/>
          <line num="138" count="0" type="cond" truecount="0" falsecount="2"/>
          <line num="140" count="0" type="stmt"/>
          <line num="141" count="0" type="cond" truecount="0" falsecount="2"/>
          <line num="142" count="0" type="stmt"/>
          <line num="145" count="0" type="cond" truecount="0" falsecount="2"/>
          <line num="147" count="0" type="cond" truecount="0" falsecount="2"/>
          <line num="148" count="0" type="stmt"/>
          <line num="149" count="0" type="stmt"/>
          <line num="151" count="0" type="cond" truecount="0" falsecount="2"/>
          <line num="152" count="0" type="cond" truecount="0" falsecount="2"/>
          <line num="153" count="0" type="stmt"/>
          <line num="155" count="0" type="cond" truecount="0" falsecount="2"/>
          <line num="156" count="0" type="stmt"/>
          <line num="157" count="0" type="stmt"/>
          <line num="159" count="0" type="cond" truecount="0" falsecount="4"/>
          <line num="160" count="0" type="stmt"/>
          <line num="161" count="0" type="stmt"/>
          <line num="163" count="0" type="stmt"/>
          <line num="166" count="0" type="stmt"/>
          <line num="173" count="0" type="stmt"/>
          <line num="178" count="0" type="stmt"/>
          <line num="179" count="0" type="stmt"/>
          <line num="192" count="0" type="stmt"/>
          <line num="194" count="0" type="stmt"/>
          <line num="197" count="0" type="stmt"/>
          <line num="200" count="0" type="stmt"/>
          <line num="203" count="0" type="stmt"/>
          <line num="206" count="0" type="stmt"/>
          <line num="214" count="0" type="stmt"/>
          <line num="215" count="0" type="cond" truecount="0" falsecount="2"/>
          <line num="216" count="0" type="stmt"/>
          <line num="217" count="0" type="stmt"/>
          <line num="220" count="0" type="cond" truecount="0" falsecount="2"/>
          <line num="221" count="0" type="cond" truecount="0" falsecount="2"/>
          <line num="222" count="0" type="stmt"/>
          <line num="223" count="0" type="stmt"/>
          <line num="226" count="0" type="cond" truecount="0" falsecount="2"/>
          <line num="227" count="0" type="stmt"/>
          <line num="228" count="0" type="stmt"/>
          <line num="232" count="0" type="stmt"/>
          <line num="240" count="0" type="stmt"/>
          <line num="241" count="0" type="stmt"/>
          <line num="242" count="0" type="stmt"/>
          <line num="249" count="0" type="stmt"/>
          <line num="253" count="0" type="stmt"/>
          <line num="256" count="0" type="stmt"/>
        </file>
        <file name="load-client-scripts.js" path="/home/jandaryl/Sites/thesis/tests/Unit/Frontend/Utils/stubs/load-client-scripts.js">
          <metrics statements="2" coveredstatements="2" conditionals="0" coveredconditionals="0" methods="0" coveredmethods="0"/>
          <line num="4" count="2" type="stmt"/>
          <line num="41" count="2" type="stmt"/>
        </file>
      </package>
    </metrics>
  </project>
</coverage>
