TN:
SF:/home/jandaryl/Sites/thesis/resources/assets/js/axios-config.js
FNF:0
FNH:0
DA:9,1
DA:14,1
DA:19,1
DA:20,0
LF:4
LH:3
BRDA:19,0,0,0
BRDA:19,0,1,1
BRF:2
BRH:1
end_of_record
TN:
SF:/home/jandaryl/Sites/thesis/resources/assets/js/vue-i18n-config.js
FN:21,createLocales
FNF:1
FNH:1
FNDA:1,createLocales
DA:15,2
DA:22,1
LF:2
LH:2
BRF:0
BRH:0
end_of_record
TN:
SF:/home/jandaryl/Sites/thesis/resources/assets/js/vue-i18n-locales.generated.js
FNF:0
FNH:0
LF:0
LH:0
BRF:0
BRH:0
end_of_record
TN:
SF:/home/jandaryl/Sites/thesis/resources/assets/js/backend/_nav.js
FN:5,(anonymous_0)
FNF:1
FNH:1
FNDA:1,(anonymous_0)
DA:6,1
LF:1
LH:1
BRDA:20,0,0,1
BRDA:20,0,1,0
BRDA:26,1,0,1
BRDA:26,1,1,0
BRDA:35,2,0,1
BRDA:35,2,1,1
BRDA:41,3,0,1
BRDA:41,3,1,1
BRDA:47,4,0,1
BRDA:47,4,1,1
BRDA:56,5,0,1
BRDA:56,5,1,0
BRDA:77,6,0,1
BRDA:77,6,1,1
BRDA:83,7,0,1
BRDA:83,7,1,1
BRDA:89,8,0,1
BRDA:89,8,1,1
BRF:18
BRH:15
end_of_record
TN:
SF:/home/jandaryl/Sites/thesis/resources/assets/js/backend/containers/Full.vue
FN:44,data
FN:52,created
FN:57,initNav
FN:65,fetchData
FNF:4
FNH:4
FNDA:1,data
FNDA:1,created
FNDA:1,initNav
FNDA:4,fetchData
DA:33,2
DA:35,2
DA:36,2
DA:45,1
DA:53,1
DA:54,1
DA:58,1
DA:65,10
DA:67,0
LF:9
LH:8
BRDA:65,0,0,1
BRDA:65,0,1,0
BRDA:65,0,2,0
BRDA:65,0,3,1
BRF:4
BRH:2
end_of_record
TN:
SF:/home/jandaryl/Sites/thesis/resources/assets/js/backend/mixins/form.js
FN:32,(anonymous_0)
FNF:1
FNH:0
FNDA:0,(anonymous_0)
DA:15,0
DA:22,0
DA:27,0
DA:28,0
DA:32,0
DA:33,0
DA:34,0
DA:37,0
DA:43,0
DA:44,0
DA:48,0
DA:53,0
DA:54,0
DA:55,0
DA:59,0
DA:61,0
DA:62,0
DA:65,0
DA:66,0
DA:67,0
DA:69,0
DA:70,0
DA:71,0
DA:74,0
DA:77,0
DA:78,0
DA:79,0
DA:82,0
DA:87,0
LF:29
LH:0
BRDA:27,0,0,0
BRDA:27,0,1,0
BRDA:33,1,0,0
BRDA:33,1,1,0
BRDA:43,2,0,0
BRDA:43,2,1,0
BRDA:48,3,0,0
BRDA:48,3,1,0
BRDA:48,4,0,0
BRDA:48,4,1,0
BRDA:55,5,0,0
BRDA:55,5,1,0
BRDA:61,6,0,0
BRDA:61,6,1,0
BRDA:70,7,0,0
BRDA:70,7,1,0
BRDA:77,8,0,0
BRDA:77,8,1,0
BRF:18
BRH:0
end_of_record
TN:
SF:/home/jandaryl/Sites/thesis/resources/assets/js/backend/router/index.js
FN:41,createRouter
FN:46,(anonymous_1)
FNF:2
FNH:1
FNDA:1,createRouter
FNDA:0,(anonymous_1)
DA:35,2
DA:42,1
DA:46,0
DA:77,0
DA:115,0
DA:145,0
DA:183,0
DA:221,0
DA:259,0
DA:297,0
LF:10
LH:2
BRF:0
BRH:0
end_of_record
TN:
SF:/home/jandaryl/Sites/thesis/resources/assets/js/backend/store/actions.js
FN:14,createActions
FN:16,(anonymous_1)
FN:17,(anonymous_2)
FN:26,(anonymous_3)
FNF:4
FNH:0
FNDA:0,createActions
FNDA:0,(anonymous_1)
FNDA:0,(anonymous_2)
FNDA:0,(anonymous_3)
DA:15,0
DA:17,0
DA:18,0
DA:33,0
DA:34,0
DA:35,0
DA:36,0
DA:37,0
DA:39,0
LF:9
LH:0
BRF:0
BRH:0
end_of_record
TN:
SF:/home/jandaryl/Sites/thesis/resources/assets/js/backend/store/index.js
FN:24,createStore
FNF:1
FNH:0
FNDA:0,createStore
DA:16,1
DA:28,0
DA:30,0
LF:3
LH:1
BRF:0
BRH:0
end_of_record
TN:
SF:/home/jandaryl/Sites/thesis/resources/assets/js/backend/store/mutations.js
FN:6,(anonymous_0)
FNF:1
FNH:0
FNDA:0,(anonymous_0)
DA:7,0
LF:1
LH:0
BRF:0
BRH:0
end_of_record
TN:
SF:/home/jandaryl/Sites/thesis/resources/assets/js/backend/views/Dashboard.vue
FN:73,data
FN:85,created
FNF:2
FNH:0
FNDA:0,data
FNDA:0,created
DA:69,2
DA:74,0
DA:85,0
DA:87,0
DA:88,0
LF:5
LH:1
BRDA:85,0,0,0
BRDA:85,0,1,0
BRDA:85,0,2,0
BRDA:85,0,3,0
BRDA:85,1,0,0
BRDA:85,1,1,0
BRF:6
BRH:0
end_of_record
TN:
SF:/home/jandaryl/Sites/thesis/resources/assets/js/backend/views/FormSettingForm.vue
FN:97,data
FN:115,created
FNF:2
FNH:0
FNDA:0,data
FNDA:0,created
DA:91,2
DA:92,2
DA:98,0
DA:115,0
DA:116,0
DA:118,0
DA:120,0
DA:121,0
LF:8
LH:2
BRDA:115,0,0,0
BRDA:115,0,1,0
BRDA:115,0,2,0
BRDA:115,0,3,0
BRF:4
BRH:0
end_of_record
TN:
SF:/home/jandaryl/Sites/thesis/resources/assets/js/backend/views/FormSettingList.vue
FN:52,data
FN:66,dataLoadProvider
FN:69,onContextChanged
FN:72,onDelete
FNF:4
FNH:0
FNDA:0,data
FNDA:0,dataLoadProvider
FNDA:0,onContextChanged
FNDA:0,onDelete
DA:53,0
DA:67,0
DA:70,0
DA:73,0
LF:4
LH:0
BRF:0
BRH:0
end_of_record
TN:
SF:/home/jandaryl/Sites/thesis/resources/assets/js/backend/views/FormSubmissionList.vue
FN:50,data
FN:67,selected
FN:72,dataLoadProvider
FN:75,onContextChanged
FN:78,onDelete
FN:81,onBulkActionSuccess
FNF:6
FNH:0
FNDA:0,data
FNDA:0,selected
FNDA:0,dataLoadProvider
FNDA:0,onContextChanged
FNDA:0,onDelete
FNDA:0,onBulkActionSuccess
DA:51,0
DA:68,0
DA:73,0
DA:76,0
DA:79,0
DA:82,0
LF:6
LH:0
BRF:0
BRH:0
end_of_record
TN:
SF:/home/jandaryl/Sites/thesis/resources/assets/js/backend/views/FormSubmissionShow.vue
FN:36,data
FN:41,created
FNF:2
FNH:0
FNDA:0,data
FNDA:0,created
DA:26,2
DA:37,0
DA:41,0
DA:42,0
DA:43,0
LF:5
LH:1
BRDA:41,0,0,0
BRDA:41,0,1,0
BRDA:41,0,2,0
BRDA:41,0,3,0
BRF:4
BRH:0
end_of_record
TN:
SF:/home/jandaryl/Sites/thesis/resources/assets/js/backend/views/MetaForm.vue
FN:100,data
FN:115,created
FN:119,fetchRoutes
FNF:3
FNH:0
FNDA:0,data
FNDA:0,created
FNDA:0,fetchRoutes
DA:94,2
DA:95,2
DA:101,0
DA:116,0
DA:119,0
DA:120,0
DA:121,0
LF:7
LH:2
BRDA:119,0,0,0
BRDA:119,0,1,0
BRDA:119,0,2,0
BRDA:119,0,3,0
BRF:4
BRH:0
end_of_record
TN:
SF:/home/jandaryl/Sites/thesis/resources/assets/js/backend/views/MetaList.vue
FN:53,data
FN:73,selected
FN:78,dataLoadProvider
FN:81,onContextChanged
FN:84,onDelete
FN:87,onBulkActionSuccess
FNF:6
FNH:0
FNDA:0,data
FNDA:0,selected
FNDA:0,dataLoadProvider
FNDA:0,onContextChanged
FNDA:0,onDelete
FNDA:0,onBulkActionSuccess
DA:54,0
DA:74,0
DA:79,0
DA:82,0
DA:85,0
DA:88,0
LF:6
LH:0
BRF:0
BRH:0
end_of_record
TN:
SF:/home/jandaryl/Sites/thesis/resources/assets/js/backend/views/PostForm.vue
FN:287,data
FN:324,getTags
FN:333,deleteFeaturedImage
FNF:3
FNH:0
FNDA:0,data
FNDA:0,getTags
FNDA:0,deleteFeaturedImage
DA:281,2
DA:282,2
DA:288,0
DA:324,0
DA:325,0
DA:331,0
DA:334,0
DA:335,0
DA:336,0
LF:9
LH:2
BRDA:324,0,0,0
BRDA:324,0,1,0
BRDA:324,0,2,0
BRDA:324,0,3,0
BRF:4
BRH:0
end_of_record
TN:
SF:/home/jandaryl/Sites/thesis/resources/assets/js/backend/views/PostList.vue
FN:84,data
FN:107,selected
FN:112,dataLoadProvider
FN:115,onContextChanged
FN:118,onDelete
FN:121,onBulkActionSuccess
FN:124,onPinToggle
FN:125,(anonymous_9)
FN:130,onPromoteToggle
FN:131,(anonymous_11)
FNF:10
FNH:0
FNDA:0,data
FNDA:0,selected
FNDA:0,dataLoadProvider
FNDA:0,onContextChanged
FNDA:0,onDelete
FNDA:0,onBulkActionSuccess
FNDA:0,onPinToggle
FNDA:0,(anonymous_9)
FNDA:0,onPromoteToggle
FNDA:0,(anonymous_11)
DA:80,2
DA:85,0
DA:108,0
DA:113,0
DA:116,0
DA:119,0
DA:122,0
DA:124,0
DA:125,0
DA:127,0
DA:130,0
DA:131,0
DA:133,0
LF:13
LH:1
BRF:0
BRH:0
end_of_record
TN:
SF:/home/jandaryl/Sites/thesis/resources/assets/js/backend/views/RedirectionForm.vue
FN:93,data
FN:107,created
FNF:2
FNH:0
FNDA:0,data
FNDA:0,created
DA:87,2
DA:88,2
DA:94,0
DA:107,0
DA:108,0
DA:110,0
DA:111,0
LF:7
LH:2
BRDA:107,0,0,0
BRDA:107,0,1,0
BRDA:107,0,2,0
BRDA:107,0,3,0
BRF:4
BRH:0
end_of_record
TN:
SF:/home/jandaryl/Sites/thesis/resources/assets/js/backend/views/RedirectionList.vue
FN:73,data
FN:96,selected
FN:101,dataLoadProvider
FN:104,onContextChanged
FN:107,onDelete
FN:110,onBulkActionSuccess
FN:113,onActiveToggle
FN:114,(anonymous_15)
FN:119,onFileImport
FNF:9
FNH:0
FNDA:0,data
FNDA:0,selected
FNDA:0,dataLoadProvider
FNDA:0,onContextChanged
FNDA:0,onDelete
FNDA:0,onBulkActionSuccess
FNDA:0,onActiveToggle
FNDA:0,(anonymous_15)
FNDA:0,onFileImport
DA:69,2
DA:74,0
DA:97,0
DA:102,0
DA:105,0
DA:108,0
DA:111,0
DA:113,0
DA:114,0
DA:116,0
DA:119,0
DA:120,0
DA:121,0
DA:124,0
DA:125,0
DA:126,0
DA:128,0
LF:17
LH:1
BRDA:119,0,0,0
BRDA:119,0,1,0
BRDA:119,0,2,0
BRDA:119,0,3,0
BRDA:119,0,4,0
BRF:5
BRH:0
end_of_record
TN:
SF:/home/jandaryl/Sites/thesis/resources/assets/js/backend/views/RoleForm.vue
FN:137,data
FN:152,created
FN:157,(anonymous_12)
FN:161,(anonymous_13)
FN:169,onModelChanged
FN:171,(anonymous_15)
FNF:6
FNH:0
FNDA:0,data
FNDA:0,created
FNDA:0,(anonymous_12)
FNDA:0,(anonymous_13)
FNDA:0,onModelChanged
FNDA:0,(anonymous_15)
DA:127,2
DA:128,2
DA:132,2
DA:138,0
DA:152,0
DA:153,0
DA:155,0
DA:157,0
DA:158,0
DA:161,0
DA:162,0
DA:170,0
DA:171,0
DA:172,0
LF:14
LH:3
BRDA:152,0,0,0
BRDA:152,0,1,0
BRDA:152,0,2,0
BRDA:152,0,3,0
BRDA:170,1,0,0
BRDA:170,1,1,0
BRF:6
BRH:0
end_of_record
TN:
SF:/home/jandaryl/Sites/thesis/resources/assets/js/backend/views/RoleList.vue
FN:52,data
FN:67,dataLoadProvider
FN:70,onContextChanged
FN:73,onDelete
FNF:4
FNH:0
FNDA:0,data
FNDA:0,dataLoadProvider
FNDA:0,onContextChanged
FNDA:0,onDelete
DA:53,0
DA:68,0
DA:71,0
DA:74,0
LF:4
LH:0
BRF:0
BRH:0
end_of_record
TN:
SF:/home/jandaryl/Sites/thesis/resources/assets/js/backend/views/Search.vue
FN:20,data
FN:28,created
FN:32,fetchData
FNF:3
FNH:0
FNDA:0,data
FNDA:0,created
FNDA:0,fetchData
DA:16,2
DA:21,0
DA:29,0
DA:32,0
DA:34,0
DA:39,0
LF:6
LH:1
BRDA:32,0,0,0
BRDA:32,0,1,0
BRDA:32,0,2,0
BRDA:32,0,3,0
BRDA:32,1,0,0
BRDA:32,1,1,0
BRF:6
BRH:0
end_of_record
TN:
SF:/home/jandaryl/Sites/thesis/resources/assets/js/backend/views/UserForm.vue
FN:132,data
FN:148,created
FN:154,onModelChanged
FN:156,(anonymous_13)
FNF:4
FNH:0
FNDA:0,data
FNDA:0,created
FNDA:0,onModelChanged
FNDA:0,(anonymous_13)
DA:126,2
DA:127,2
DA:133,0
DA:148,0
DA:149,0
DA:150,0
DA:151,0
DA:155,0
DA:156,0
DA:157,0
LF:10
LH:2
BRDA:148,0,0,0
BRDA:148,0,1,0
BRDA:148,0,2,0
BRDA:148,0,3,0
BRDA:155,1,0,0
BRDA:155,1,1,0
BRF:6
BRH:0
end_of_record
TN:
SF:/home/jandaryl/Sites/thesis/resources/assets/js/backend/views/UserList.vue
FN:69,data
FN:93,selected
FN:98,dataLoadProvider
FN:101,onContextChanged
FN:104,onDelete
FN:107,onActiveToggle
FN:108,(anonymous_8)
FN:113,onBulkActionSuccess
FN:116,formatRoles
FN:117,(anonymous_11)
FNF:10
FNH:0
FNDA:0,data
FNDA:0,selected
FNDA:0,dataLoadProvider
FNDA:0,onContextChanged
FNDA:0,onDelete
FNDA:0,onActiveToggle
FNDA:0,(anonymous_8)
FNDA:0,onBulkActionSuccess
FNDA:0,formatRoles
FNDA:0,(anonymous_11)
DA:65,2
DA:70,0
DA:94,0
DA:99,0
DA:102,0
DA:105,0
DA:107,0
DA:108,0
DA:110,0
DA:114,0
DA:117,0
DA:118,0
LF:12
LH:1
BRF:0
BRH:0
end_of_record
TN:
SF:/home/jandaryl/Sites/thesis/resources/assets/vendor/coreui/components/Breadcrumb/Breadcrumb.vue
FN:16,_default
FN:20,isLast
FN:23,showName
FNF:3
FNH:0
FNDA:0,_default
FNDA:0,isLast
FNDA:0,showName
DA:16,0
DA:21,0
DA:24,0
DA:25,0
DA:27,0
DA:28,0
DA:30,0
LF:7
LH:0
BRDA:24,0,0,0
BRDA:24,0,1,0
BRDA:24,1,0,0
BRDA:24,1,1,0
BRDA:25,2,0,0
BRDA:25,2,1,0
BRDA:27,3,0,0
BRDA:27,3,1,0
BRF:8
BRH:0
end_of_record
TN:
SF:/home/jandaryl/Sites/thesis/resources/assets/vendor/coreui/components/Sidebar/Sidebar.vue
FN:15,mounted
FN:19,isFixed
FNF:2
FNH:0
FNDA:0,mounted
FNDA:0,isFixed
DA:16,0
DA:20,0
DA:21,0
LF:3
LH:0
BRDA:20,0,0,0
BRDA:20,0,1,0
BRF:2
BRH:0
end_of_record
TN:
SF:/home/jandaryl/Sites/thesis/resources/assets/vendor/coreui/components/Sidebar/SidebarMinimizer.vue
FN:9,onClick
FN:13,sidebarMinimize
FN:17,brandMinimize
FNF:3
FNH:0
FNDA:0,onClick
FNDA:0,sidebarMinimize
FNDA:0,brandMinimize
DA:10,0
DA:11,0
DA:14,0
DA:15,0
DA:18,0
LF:5
LH:0
BRF:0
BRH:0
end_of_record
TN:
SF:/home/jandaryl/Sites/thesis/resources/assets/vendor/coreui/components/Sidebar/SidebarNav.vue
FN:75,_default
FN:78,data
FN:85,interceptRailY
FN:90,scrollHandle
FNF:4
FNH:0
FNDA:0,_default
FNDA:0,data
FNDA:0,interceptRailY
FNDA:0,scrollHandle
DA:52,1
DA:53,1
DA:54,1
DA:55,1
DA:56,1
DA:57,1
DA:58,1
DA:75,0
DA:79,0
DA:85,0
LF:10
LH:7
BRF:0
BRH:0
end_of_record
TN:
SF:/home/jandaryl/Sites/thesis/resources/assets/vendor/coreui/components/Sidebar/SidebarNavDivider.vue
FN:15,classList
FN:21,itemClasses
FNF:2
FNH:0
FNDA:0,classList
FNDA:0,itemClasses
DA:16,0
DA:22,0
LF:2
LH:0
BRDA:22,0,0,0
BRDA:22,0,1,0
BRF:2
BRH:0
end_of_record
TN:
SF:/home/jandaryl/Sites/thesis/resources/assets/vendor/coreui/components/Sidebar/SidebarNavDropdown.vue
FN:27,classIcon
FN:35,handleClick
FNF:2
FNH:0
FNDA:0,classIcon
FNDA:0,handleClick
DA:28,0
DA:36,0
DA:37,0
LF:3
LH:0
BRF:0
BRH:0
end_of_record
TN:
SF:/home/jandaryl/Sites/thesis/resources/assets/vendor/coreui/components/Sidebar/SidebarNavItem.vue
FN:17,classList
FN:23,itemClasses
FN:28,hideMobile
FNF:3
FNH:0
FNDA:0,classList
FNDA:0,itemClasses
FNDA:0,hideMobile
DA:18,0
DA:24,0
DA:29,0
DA:30,0
LF:4
LH:0
BRDA:24,0,0,0
BRDA:24,0,1,0
BRDA:29,1,0,0
BRDA:29,1,1,0
BRF:4
BRH:0
end_of_record
TN:
SF:/home/jandaryl/Sites/thesis/resources/assets/vendor/coreui/components/Sidebar/SidebarNavLabel.vue
FN:36,_default
FN:40,classList
FN:49,getClasses
FNF:3
FNH:0
FNDA:0,_default
FNDA:0,classList
FNDA:0,getClasses
DA:8,1
DA:9,1
DA:41,0
DA:45,0
DA:50,0
LF:5
LH:2
BRDA:50,0,0,0
BRDA:50,0,1,0
BRF:2
BRH:0
end_of_record
TN:
SF:/home/jandaryl/Sites/thesis/resources/assets/vendor/coreui/components/Sidebar/SidebarNavLink.vue
FN:35,_default
FN:39,_default
FN:51,classList
FN:58,linkVariant
FN:61,itemClasses
FN:64,isExternalLink
FNF:6
FNH:0
FNDA:0,_default
FNDA:0,_default
FNDA:0,classList
FNDA:0,linkVariant
FNDA:0,itemClasses
FNDA:0,isExternalLink
DA:35,0
DA:52,0
DA:59,0
DA:62,0
DA:65,0
DA:66,0
DA:68,0
LF:7
LH:0
BRDA:59,0,0,0
BRDA:59,0,1,0
BRDA:62,1,0,0
BRDA:62,1,1,0
BRDA:65,2,0,0
BRDA:65,2,1,0
BRF:6
BRH:0
end_of_record
TN:
SF:/home/jandaryl/Sites/thesis/resources/assets/vendor/coreui/components/Sidebar/SidebarNavTitle.vue
FN:27,_default
FN:31,classList
FN:37,itemClasses
FNF:3
FNH:0
FNDA:0,_default
FNDA:0,classList
FNDA:0,itemClasses
DA:32,0
DA:38,0
LF:2
LH:0
BRDA:38,0,0,0
BRDA:38,0,1,0
BRF:2
BRH:0
end_of_record
TN:
SF:/home/jandaryl/Sites/thesis/resources/assets/vendor/coreui/components/Sidebar/SidebarToggler.vue
FN:29,classList
FN:37,mounted
FN:41,toggle
FN:49,sidebarToggle
FNF:4
FNH:0
FNDA:0,classList
FNDA:0,mounted
FNDA:0,toggle
FNDA:0,sidebarToggle
DA:13,1
DA:14,1
DA:30,0
DA:38,0
DA:41,0
DA:43,0
DA:44,0
DA:45,0
DA:47,0
DA:50,0
DA:51,0
LF:11
LH:2
BRDA:44,0,0,0
BRDA:44,0,1,0
BRDA:44,1,0,0
BRDA:44,1,1,0
BRDA:44,1,2,0
BRF:5
BRH:0
end_of_record
TN:
SF:/home/jandaryl/Sites/thesis/resources/assets/vendor/coreui/components/Sidebar/index.js
FNF:0
FNH:0
LF:0
LH:0
BRF:0
BRH:0
end_of_record
TN:
SF:/home/jandaryl/Sites/thesis/resources/assets/vendor/coreui/shared/classes.js
FN:19,checkBreakpoint
FNF:1
FNH:0
FNDA:0,checkBreakpoint
DA:1,1
DA:9,1
DA:17,1
DA:20,0
LF:4
LH:3
BRF:0
BRH:0
end_of_record
TN:
SF:/home/jandaryl/Sites/thesis/resources/assets/vendor/coreui/shared/toggle-classes.js
FN:1,toggleClasses
FN:4,(anonymous_1)
FNF:2
FNH:0
FNDA:0,toggleClasses
FNDA:0,(anonymous_1)
DA:2,0
DA:3,0
DA:4,0
DA:5,0
LF:4
LH:0
BRF:0
BRH:0
end_of_record
TN:
SF:/home/jandaryl/Sites/thesis/tests/Unit/Backend/Utils/helpers/unit-test-wrappers.js
FN:5,(anonymous_0)
FN:9,(anonymous_1)
FN:13,(anonymous_2)
FN:17,(anonymous_3)
FN:21,(anonymous_4)
FN:25,(anonymous_5)
FN:29,assertCalled
FNF:7
FNH:0
FNDA:0,(anonymous_0)
FNDA:0,(anonymous_1)
FNDA:0,(anonymous_2)
FNDA:0,(anonymous_3)
FNDA:0,(anonymous_4)
FNDA:0,(anonymous_5)
FNDA:0,assertCalled
DA:5,1
DA:6,0
DA:9,1
DA:10,0
DA:13,1
DA:14,0
DA:17,1
DA:18,0
DA:21,1
DA:22,0
DA:25,1
DA:26,0
DA:31,0
LF:13
LH:6
BRDA:13,0,0,0
BRF:1
BRH:0
end_of_record
TN:
SF:/home/jandaryl/Sites/thesis/tests/Unit/Backend/Utils/stubs/createApp.js
FN:62,createApp
FN:110,(anonymous_1)
FN:137,(anonymous_2)
FN:178,(anonymous_3)
FN:193,(anonymous_4)
FN:196,(anonymous_5)
FN:199,(anonymous_6)
FN:202,(anonymous_7)
FN:205,(anonymous_8)
FN:214,(anonymous_9)
FN:240,(anonymous_10)
FN:253,(anonymous_11)
FNF:12
FNH:0
FNDA:0,createApp
FNDA:0,(anonymous_1)
FNDA:0,(anonymous_2)
FNDA:0,(anonymous_3)
FNDA:0,(anonymous_4)
FNDA:0,(anonymous_5)
FNDA:0,(anonymous_6)
FNDA:0,(anonymous_7)
FNDA:0,(anonymous_8)
FNDA:0,(anonymous_9)
FNDA:0,(anonymous_10)
FNDA:0,(anonymous_11)
DA:68,0
DA:75,0
DA:82,0
DA:91,0
DA:100,0
DA:109,0
DA:110,0
DA:111,0
DA:112,0
DA:114,0
DA:137,0
DA:138,0
DA:140,0
DA:141,0
DA:142,0
DA:145,0
DA:147,0
DA:148,0
DA:149,0
DA:151,0
DA:152,0
DA:153,0
DA:155,0
DA:156,0
DA:157,0
DA:159,0
DA:160,0
DA:161,0
DA:163,0
DA:166,0
DA:173,0
DA:178,0
DA:179,0
DA:192,0
DA:194,0
DA:197,0
DA:200,0
DA:203,0
DA:206,0
DA:214,0
DA:215,0
DA:216,0
DA:217,0
DA:220,0
DA:221,0
DA:222,0
DA:223,0
DA:226,0
DA:227,0
DA:228,0
DA:232,0
DA:240,0
DA:241,0
DA:242,0
DA:249,0
DA:253,0
DA:256,0
LF:57
LH:0
BRDA:109,0,0,0
BRDA:109,0,1,0
BRDA:111,1,0,0
BRDA:111,1,1,0
BRDA:138,2,0,0
BRDA:138,2,1,0
BRDA:141,3,0,0
BRDA:141,3,1,0
BRDA:145,4,0,0
BRDA:145,4,1,0
BRDA:147,5,0,0
BRDA:147,5,1,0
BRDA:151,6,0,0
BRDA:151,6,1,0
BRDA:152,7,0,0
BRDA:152,7,1,0
BRDA:155,8,0,0
BRDA:155,8,1,0
BRDA:159,9,0,0
BRDA:159,9,1,0
BRDA:159,10,0,0
BRDA:159,10,1,0
BRDA:215,11,0,0
BRDA:215,11,1,0
BRDA:220,12,0,0
BRDA:220,12,1,0
BRDA:221,13,0,0
BRDA:221,13,1,0
BRDA:226,14,0,0
BRDA:226,14,1,0
BRF:30
BRH:0
end_of_record
TN:
SF:/home/jandaryl/Sites/thesis/tests/Unit/Backend/Utils/stubs/load-client-scripts.js
FNF:0
FNH:0
DA:4,2
DA:41,2
LF:2
LH:2
BRF:0
BRH:0
end_of_record
