{"/home/jandaryl/Sites/thesis/resources/assets/js/axios-config.js": {"path":"/home/jandaryl/Sites/thesis/resources/assets/js/axios-config.js","statementMap":{"0":{"start":{"line":9,"column":0},"end":{"line":9,"column":68}},"1":{"start":{"line":14,"column":12},"end":{"line":14,"column":66}},"2":{"start":{"line":19,"column":0},"end":{"line":21,"column":1}},"3":{"start":{"line":20,"column":2},"end":{"line":20,"column":63}}},"fnMap":{},"branchMap":{"0":{"loc":{"start":{"line":19,"column":0},"end":{"line":21,"column":1}},"type":"if","locations":[{"start":{"line":19,"column":0},"end":{"line":21,"column":1}},{"start":{"line":19,"column":0},"end":{"line":21,"column":1}}],"line":19}},"s":{"0":1,"1":1,"2":1,"3":0},"f":{},"b":{"0":[0,1]},"_coverageSchema":"332fd63041d2c1bcb487cc26dd0d5f7d97098a6c","hash":"10d183adaa143a9d7a69bce6c5fda181ca791e4f"}
,"/home/jandaryl/Sites/thesis/resources/assets/js/vue-i18n-config.js": {"path":"/home/jandaryl/Sites/thesis/resources/assets/js/vue-i18n-config.js","statementMap":{"0":{"start":{"line":15,"column":0},"end":{"line":15,"column":16}},"1":{"start":{"line":22,"column":2},"end":{"line":25,"column":4}}},"fnMap":{"0":{"name":"createLocales","decl":{"start":{"line":21,"column":16},"end":{"line":21,"column":29}},"loc":{"start":{"line":21,"column":39},"end":{"line":26,"column":1}},"line":21}},"branchMap":{},"s":{"0":2,"1":1},"f":{"0":1},"b":{},"_coverageSchema":"332fd63041d2c1bcb487cc26dd0d5f7d97098a6c","hash":"42d35a1ae061d26e87823d128487971f296dd3be"}
,"/home/jandaryl/Sites/thesis/resources/assets/js/vue-i18n-locales.generated.js": {"path":"/home/jandaryl/Sites/thesis/resources/assets/js/vue-i18n-locales.generated.js","statementMap":{},"fnMap":{},"branchMap":{},"s":{},"f":{},"b":{},"_coverageSchema":"332fd63041d2c1bcb487cc26dd0d5f7d97098a6c","hash":"9f7d952537c8e51c1ef903a8cbb5959b4831ff23"}
,"/home/jandaryl/Sites/thesis/resources/assets/js/backend/_nav.js": {"path":"/home/jandaryl/Sites/thesis/resources/assets/js/backend/_nav.js","statementMap":{"0":{"start":{"line":6,"column":2},"end":{"line":91,"column":3}}},"fnMap":{"0":{"name":"(anonymous_0)","decl":{"start":{"line":5,"column":15},"end":{"line":5,"column":16}},"loc":{"start":{"line":5,"column":64},"end":{"line":92,"column":1}},"line":5}},"branchMap":{"0":{"loc":{"start":{"line":20,"column":14},"end":{"line":20,"column":63}},"type":"binary-expr","locations":[{"start":{"line":20,"column":14},"end":{"line":20,"column":29}},{"start":{"line":20,"column":33},"end":{"line":20,"column":63}}],"line":20},"1":{"loc":{"start":{"line":26,"column":14},"end":{"line":26,"column":63}},"type":"binary-expr","locations":[{"start":{"line":26,"column":14},"end":{"line":26,"column":29}},{"start":{"line":26,"column":33},"end":{"line":26,"column":63}}],"line":26},"2":{"loc":{"start":{"line":35,"column":14},"end":{"line":35,"column":53}},"type":"binary-expr","locations":[{"start":{"line":35,"column":14},"end":{"line":35,"column":33}},{"start":{"line":35,"column":37},"end":{"line":35,"column":53}}],"line":35},"3":{"loc":{"start":{"line":41,"column":14},"end":{"line":41,"column":74}},"type":"binary-expr","locations":[{"start":{"line":41,"column":14},"end":{"line":41,"column":51}},{"start":{"line":41,"column":55},"end":{"line":41,"column":74}}],"line":41},"4":{"loc":{"start":{"line":47,"column":14},"end":{"line":47,"column":68}},"type":"binary-expr","locations":[{"start":{"line":47,"column":14},"end":{"line":47,"column":48}},{"start":{"line":47,"column":52},"end":{"line":47,"column":68}}],"line":47},"5":{"loc":{"start":{"line":56,"column":14},"end":{"line":56,"column":70}},"type":"binary-expr","locations":[{"start":{"line":56,"column":14},"end":{"line":56,"column":40}},{"start":{"line":56,"column":44},"end":{"line":56,"column":70}}],"line":56},"6":{"loc":{"start":{"line":77,"column":14},"end":{"line":77,"column":42}},"type":"binary-expr","locations":[{"start":{"line":77,"column":14},"end":{"line":77,"column":23}},{"start":{"line":77,"column":27},"end":{"line":77,"column":42}}],"line":77},"7":{"loc":{"start":{"line":83,"column":14},"end":{"line":83,"column":53}},"type":"binary-expr","locations":[{"start":{"line":83,"column":14},"end":{"line":83,"column":40}},{"start":{"line":83,"column":44},"end":{"line":83,"column":53}}],"line":83},"8":{"loc":{"start":{"line":89,"column":14},"end":{"line":89,"column":66}},"type":"binary-expr","locations":[{"start":{"line":89,"column":14},"end":{"line":89,"column":47}},{"start":{"line":89,"column":51},"end":{"line":89,"column":66}}],"line":89}},"s":{"0":1},"f":{"0":1},"b":{"0":[1,0],"1":[1,0],"2":[1,1],"3":[1,1],"4":[1,1],"5":[1,0],"6":[1,1],"7":[1,1],"8":[1,1]},"_coverageSchema":"332fd63041d2c1bcb487cc26dd0d5f7d97098a6c","hash":"dee58287a9349ce245ffa07a1842ca6d6f0918d5"}
,"/home/jandaryl/Sites/thesis/resources/assets/js/backend/containers/Full.vue": {"path":"/home/jandaryl/Sites/thesis/resources/assets/js/backend/containers/Full.vue","statementMap":{"0":{"start":{"line":33,"column":0},"end":{"line":null,"column":-1}},"1":{"start":{"line":35,"column":0},"end":{"line":null,"column":-1}},"2":{"start":{"line":36,"column":0},"end":{"line":null,"column":-1}},"3":{"start":{"line":45,"column":0},"end":{"line":null,"column":-1}},"4":{"start":{"line":53,"column":0},"end":{"line":null,"column":-1}},"5":{"start":{"line":54,"column":0},"end":{"line":null,"column":-1}},"6":{"start":{"line":58,"column":0},"end":{"line":null,"column":-1}},"7":{"start":{"line":65,"column":0},"end":{"line":null,"column":-1}},"8":{"start":{"line":67,"column":0},"end":{"line":null,"column":-1}}},"fnMap":{"0":{"name":"data","decl":{"start":{"line":44,"column":0},"end":{"line":null,"column":-1}},"loc":{"start":{"line":44,"column":0},"end":{"line":48,"column":0}}},"1":{"name":"created","decl":{"start":{"line":52,"column":0},"end":{"line":null,"column":-1}},"loc":{"start":{"line":52,"column":0},"end":{"line":55,"column":0}}},"2":{"name":"initNav","decl":{"start":{"line":57,"column":0},"end":{"line":null,"column":-1}},"loc":{"start":{"line":57,"column":0},"end":{"line":64,"column":0}}},"3":{"name":"fetchData","decl":{"start":{"line":65,"column":0},"end":{"line":null,"column":-1}},"loc":{"start":{"line":65,"column":0},"end":{"line":68,"column":0}}}},"branchMap":{"0":{"loc":{"start":{"line":65,"column":0},"end":{"line":null,"column":-1}},"type":"switch","locations":[{"start":{"line":65,"column":0},"end":{"line":null,"column":-1}},{"start":{"line":65,"column":0},"end":{"line":67,"column":0}},{"start":{"line":65,"column":0},"end":{"line":null,"column":-1}},{"start":{"line":65,"column":0},"end":{"line":null,"column":-1}}]}},"s":{"0":2,"1":2,"2":2,"3":1,"4":1,"5":1,"6":1,"7":10,"8":0},"f":{"0":1,"1":1,"2":1,"3":4},"b":{"0":[1,0,0,1]}}
,"/home/jandaryl/Sites/thesis/resources/assets/js/backend/mixins/form.js": {"path":"/home/jandaryl/Sites/thesis/resources/assets/js/backend/mixins/form.js","statementMap":{"0":{"start":{"line":15,"column":4},"end":{"line":18,"column":5}},"1":{"start":{"line":22,"column":6},"end":{"line":22,"column":34}},"2":{"start":{"line":27,"column":6},"end":{"line":38,"column":7}},"3":{"start":{"line":28,"column":21},"end":{"line":30,"column":11}},"4":{"start":{"line":32,"column":8},"end":{"line":36,"column":10}},"5":{"start":{"line":33,"column":10},"end":{"line":35,"column":11}},"6":{"start":{"line":34,"column":12},"end":{"line":34,"column":39}},"7":{"start":{"line":37,"column":8},"end":{"line":37,"column":29}},"8":{"start":{"line":43,"column":6},"end":{"line":45,"column":7}},"9":{"start":{"line":44,"column":8},"end":{"line":44,"column":46}},"10":{"start":{"line":48,"column":6},"end":{"line":50,"column":14}},"11":{"start":{"line":53,"column":6},"end":{"line":53,"column":25}},"12":{"start":{"line":54,"column":19},"end":{"line":54,"column":31}},"13":{"start":{"line":55,"column":19},"end":{"line":57,"column":74}},"14":{"start":{"line":59,"column":21},"end":{"line":59,"column":59}},"15":{"start":{"line":61,"column":6},"end":{"line":63,"column":7}},"16":{"start":{"line":62,"column":8},"end":{"line":62,"column":43}},"17":{"start":{"line":65,"column":6},"end":{"line":83,"column":7}},"18":{"start":{"line":66,"column":21},"end":{"line":66,"column":55}},"19":{"start":{"line":67,"column":8},"end":{"line":67,"column":28}},"20":{"start":{"line":69,"column":8},"end":{"line":69,"column":49}},"21":{"start":{"line":70,"column":8},"end":{"line":72,"column":9}},"22":{"start":{"line":71,"column":10},"end":{"line":71,"column":36}},"23":{"start":{"line":74,"column":8},"end":{"line":74,"column":28}},"24":{"start":{"line":77,"column":8},"end":{"line":80,"column":9}},"25":{"start":{"line":78,"column":10},"end":{"line":78,"column":43}},"26":{"start":{"line":79,"column":10},"end":{"line":79,"column":16}},"27":{"start":{"line":82,"column":8},"end":{"line":82,"column":26}},"28":{"start":{"line":87,"column":4},"end":{"line":87,"column":20}}},"fnMap":{"0":{"name":"(anonymous_0)","decl":{"start":{"line":32,"column":34},"end":{"line":32,"column":35}},"loc":{"start":{"line":32,"column":43},"end":{"line":36,"column":9}},"line":32}},"branchMap":{"0":{"loc":{"start":{"line":27,"column":6},"end":{"line":38,"column":7}},"type":"if","locations":[{"start":{"line":27,"column":6},"end":{"line":38,"column":7}},{"start":{"line":27,"column":6},"end":{"line":38,"column":7}}],"line":27},"1":{"loc":{"start":{"line":33,"column":10},"end":{"line":35,"column":11}},"type":"if","locations":[{"start":{"line":33,"column":10},"end":{"line":35,"column":11}},{"start":{"line":33,"column":10},"end":{"line":35,"column":11}}],"line":33},"2":{"loc":{"start":{"line":43,"column":6},"end":{"line":45,"column":7}},"type":"if","locations":[{"start":{"line":43,"column":6},"end":{"line":45,"column":7}},{"start":{"line":43,"column":6},"end":{"line":45,"column":7}}],"line":43},"3":{"loc":{"start":{"line":48,"column":13},"end":{"line":50,"column":14}},"type":"cond-expr","locations":[{"start":{"line":49,"column":10},"end":{"line":49,"column":19}},{"start":{"line":50,"column":10},"end":{"line":50,"column":14}}],"line":48},"4":{"loc":{"start":{"line":48,"column":13},"end":{"line":48,"column":96}},"type":"binary-expr","locations":[{"start":{"line":48,"column":13},"end":{"line":48,"column":49}},{"start":{"line":48,"column":53},"end":{"line":48,"column":96}}],"line":48},"5":{"loc":{"start":{"line":55,"column":19},"end":{"line":57,"column":74}},"type":"cond-expr","locations":[{"start":{"line":55,"column":32},"end":{"line":56,"column":44}},{"start":{"line":56,"column":47},"end":{"line":57,"column":74}}],"line":55},"6":{"loc":{"start":{"line":61,"column":6},"end":{"line":63,"column":7}},"type":"if","locations":[{"start":{"line":61,"column":6},"end":{"line":63,"column":7}},{"start":{"line":61,"column":6},"end":{"line":63,"column":7}}],"line":61},"7":{"loc":{"start":{"line":70,"column":8},"end":{"line":72,"column":9}},"type":"if","locations":[{"start":{"line":70,"column":8},"end":{"line":72,"column":9}},{"start":{"line":70,"column":8},"end":{"line":72,"column":9}}],"line":70},"8":{"loc":{"start":{"line":77,"column":8},"end":{"line":80,"column":9}},"type":"if","locations":[{"start":{"line":77,"column":8},"end":{"line":80,"column":9}},{"start":{"line":77,"column":8},"end":{"line":80,"column":9}}],"line":77}},"s":{"0":0,"1":0,"2":0,"3":0,"4":0,"5":0,"6":0,"7":0,"8":0,"9":0,"10":0,"11":0,"12":0,"13":0,"14":0,"15":0,"16":0,"17":0,"18":0,"19":0,"20":0,"21":0,"22":0,"23":0,"24":0,"25":0,"26":0,"27":0,"28":0},"f":{"0":0},"b":{"0":[0,0],"1":[0,0],"2":[0,0],"3":[0,0],"4":[0,0],"5":[0,0],"6":[0,0],"7":[0,0],"8":[0,0]},"_coverageSchema":"332fd63041d2c1bcb487cc26dd0d5f7d97098a6c","hash":"35f9f611c7524157dd00d8eb98aea30ef64de356"}
,"/home/jandaryl/Sites/thesis/resources/assets/js/backend/router/index.js": {"path":"/home/jandaryl/Sites/thesis/resources/assets/js/backend/router/index.js","statementMap":{"0":{"start":{"line":35,"column":0},"end":{"line":35,"column":15}},"1":{"start":{"line":42,"column":2},"end":{"line":334,"column":4}},"2":{"start":{"line":46,"column":27},"end":{"line":46,"column":33}},"3":{"start":{"line":77,"column":16},"end":{"line":77,"column":39}},"4":{"start":{"line":115,"column":16},"end":{"line":115,"column":39}},"5":{"start":{"line":145,"column":16},"end":{"line":145,"column":39}},"6":{"start":{"line":183,"column":16},"end":{"line":183,"column":39}},"7":{"start":{"line":221,"column":16},"end":{"line":221,"column":39}},"8":{"start":{"line":259,"column":16},"end":{"line":259,"column":39}},"9":{"start":{"line":297,"column":16},"end":{"line":297,"column":39}}},"fnMap":{"0":{"name":"createRouter","decl":{"start":{"line":41,"column":16},"end":{"line":41,"column":28}},"loc":{"start":{"line":41,"column":42},"end":{"line":335,"column":1}},"line":41},"1":{"name":"(anonymous_1)","decl":{"start":{"line":46,"column":20},"end":{"line":46,"column":21}},"loc":{"start":{"line":46,"column":27},"end":{"line":46,"column":33}},"line":46}},"branchMap":{},"s":{"0":2,"1":1,"2":0,"3":0,"4":0,"5":0,"6":0,"7":0,"8":0,"9":0},"f":{"0":1,"1":0},"b":{},"_coverageSchema":"332fd63041d2c1bcb487cc26dd0d5f7d97098a6c","hash":"b5041779dd68e0031ef38b23780cfe7782229cfc"}
,"/home/jandaryl/Sites/thesis/resources/assets/js/backend/store/actions.js": {"path":"/home/jandaryl/Sites/thesis/resources/assets/js/backend/store/actions.js","statementMap":{"0":{"start":{"line":15,"column":2},"end":{"line":43,"column":3}},"1":{"start":{"line":17,"column":6},"end":{"line":41,"column":8}},"2":{"start":{"line":18,"column":8},"end":{"line":40,"column":15}},"3":{"start":{"line":33,"column":14},"end":{"line":33,"column":89}},"4":{"start":{"line":34,"column":14},"end":{"line":34,"column":97}},"5":{"start":{"line":35,"column":14},"end":{"line":35,"column":101}},"6":{"start":{"line":36,"column":14},"end":{"line":36,"column":95}},"7":{"start":{"line":37,"column":14},"end":{"line":37,"column":103}},"8":{"start":{"line":39,"column":14},"end":{"line":39,"column":23}}},"fnMap":{"0":{"name":"createActions","decl":{"start":{"line":14,"column":16},"end":{"line":14,"column":29}},"loc":{"start":{"line":14,"column":38},"end":{"line":44,"column":1}},"line":14},"1":{"name":"(anonymous_1)","decl":{"start":{"line":16,"column":19},"end":{"line":16,"column":20}},"loc":{"start":{"line":16,"column":33},"end":{"line":42,"column":5}},"line":16},"2":{"name":"(anonymous_2)","decl":{"start":{"line":17,"column":25},"end":{"line":17,"column":26}},"loc":{"start":{"line":17,"column":38},"end":{"line":41,"column":7}},"line":17},"3":{"name":"(anonymous_3)","decl":{"start":{"line":26,"column":12},"end":{"line":26,"column":13}},"loc":{"start":{"line":32,"column":17},"end":{"line":40,"column":13}},"line":32}},"branchMap":{},"s":{"0":0,"1":0,"2":0,"3":0,"4":0,"5":0,"6":0,"7":0,"8":0},"f":{"0":0,"1":0,"2":0,"3":0},"b":{},"_coverageSchema":"332fd63041d2c1bcb487cc26dd0d5f7d97098a6c","hash":"8cf3d7cef4df0ab38877847d93a164b4d9aa073b"}
,"/home/jandaryl/Sites/thesis/resources/assets/js/backend/store/index.js": {"path":"/home/jandaryl/Sites/thesis/resources/assets/js/backend/store/index.js","statementMap":{"0":{"start":{"line":16,"column":0},"end":{"line":16,"column":13}},"1":{"start":{"line":28,"column":18},"end":{"line":28,"column":38}},"2":{"start":{"line":30,"column":2},"end":{"line":42,"column":4}}},"fnMap":{"0":{"name":"createStore","decl":{"start":{"line":24,"column":16},"end":{"line":24,"column":27}},"loc":{"start":{"line":24,"column":36},"end":{"line":43,"column":1}},"line":24}},"branchMap":{},"s":{"0":1,"1":0,"2":0},"f":{"0":0},"b":{},"_coverageSchema":"332fd63041d2c1bcb487cc26dd0d5f7d97098a6c","hash":"ace41bede4a16f3660e22ae355e94a5dac97c771"}
,"/home/jandaryl/Sites/thesis/resources/assets/js/backend/store/mutations.js": {"path":"/home/jandaryl/Sites/thesis/resources/assets/js/backend/store/mutations.js","statementMap":{"0":{"start":{"line":7,"column":4},"end":{"line":7,"column":34}}},"fnMap":{"0":{"name":"(anonymous_0)","decl":{"start":{"line":6,"column":15},"end":{"line":6,"column":16}},"loc":{"start":{"line":6,"column":45},"end":{"line":8,"column":3}},"line":6}},"branchMap":{},"s":{"0":0},"f":{"0":0},"b":{},"_coverageSchema":"332fd63041d2c1bcb487cc26dd0d5f7d97098a6c","hash":"ea7ef797ca5ee16b886381a455d35418b07f3089"}
,"/home/jandaryl/Sites/thesis/resources/assets/js/backend/views/Dashboard.vue": {"path":"/home/jandaryl/Sites/thesis/resources/assets/js/backend/views/Dashboard.vue","statementMap":{"0":{"start":{"line":69,"column":0},"end":{"line":null,"column":-1}},"1":{"start":{"line":74,"column":0},"end":{"line":null,"column":-1}},"2":{"start":{"line":85,"column":0},"end":{"line":null,"column":-1}},"3":{"start":{"line":87,"column":0},"end":{"line":null,"column":-1}},"4":{"start":{"line":88,"column":0},"end":{"line":null,"column":-1}}},"fnMap":{"0":{"name":"data","decl":{"start":{"line":73,"column":0},"end":{"line":null,"column":-1}},"loc":{"start":{"line":73,"column":0},"end":{"line":84,"column":0}}},"1":{"name":"created","decl":{"start":{"line":85,"column":0},"end":{"line":null,"column":-1}},"loc":{"start":{"line":85,"column":0},"end":{"line":90,"column":0}}}},"branchMap":{"0":{"loc":{"start":{"line":85,"column":0},"end":{"line":null,"column":-1}},"type":"switch","locations":[{"start":{"line":85,"column":0},"end":{"line":null,"column":-1}},{"start":{"line":85,"column":0},"end":{"line":88,"column":0}},{"start":{"line":85,"column":0},"end":{"line":null,"column":-1}},{"start":{"line":85,"column":0},"end":{"line":null,"column":-1}}]},"1":{"loc":{"start":{"line":85,"column":0},"end":{"line":null,"column":-1}},"type":"if","locations":[{"start":{"line":85,"column":0},"end":{"line":null,"column":-1}},{"start":{"line":85,"column":0},"end":{"line":null,"column":-1}}]}},"s":{"0":2,"1":0,"2":0,"3":0,"4":0},"f":{"0":0,"1":0},"b":{"0":[0,0,0,0],"1":[0,0]}}
,"/home/jandaryl/Sites/thesis/resources/assets/js/backend/views/FormSettingForm.vue": {"path":"/home/jandaryl/Sites/thesis/resources/assets/js/backend/views/FormSettingForm.vue","statementMap":{"0":{"start":{"line":91,"column":0},"end":{"line":null,"column":-1}},"1":{"start":{"line":92,"column":0},"end":{"line":null,"column":-1}},"2":{"start":{"line":98,"column":0},"end":{"line":null,"column":-1}},"3":{"start":{"line":115,"column":0},"end":{"line":null,"column":-1}},"4":{"start":{"line":116,"column":0},"end":{"line":null,"column":-1}},"5":{"start":{"line":118,"column":0},"end":{"line":null,"column":-1}},"6":{"start":{"line":120,"column":0},"end":{"line":125,"column":0}},"7":{"start":{"line":121,"column":0},"end":{"line":null,"column":-1}}},"fnMap":{"0":{"name":"data","decl":{"start":{"line":97,"column":0},"end":{"line":null,"column":-1}},"loc":{"start":{"line":97,"column":0},"end":{"line":114,"column":0}}},"1":{"name":"created","decl":{"start":{"line":115,"column":0},"end":{"line":null,"column":-1}},"loc":{"start":{"line":115,"column":0},"end":{"line":126,"column":0}}}},"branchMap":{"0":{"loc":{"start":{"line":115,"column":0},"end":{"line":null,"column":-1}},"type":"switch","locations":[{"start":{"line":115,"column":0},"end":{"line":null,"column":-1}},{"start":{"line":115,"column":0},"end":{"line":125,"column":0}},{"start":{"line":115,"column":0},"end":{"line":null,"column":-1}},{"start":{"line":115,"column":0},"end":{"line":null,"column":-1}}]}},"s":{"0":2,"1":2,"2":0,"3":0,"4":0,"5":0,"6":0,"7":0},"f":{"0":0,"1":0},"b":{"0":[0,0,0,0]}}
,"/home/jandaryl/Sites/thesis/resources/assets/js/backend/views/FormSettingList.vue": {"path":"/home/jandaryl/Sites/thesis/resources/assets/js/backend/views/FormSettingList.vue","statementMap":{"0":{"start":{"line":53,"column":0},"end":{"line":null,"column":-1}},"1":{"start":{"line":67,"column":0},"end":{"line":null,"column":-1}},"2":{"start":{"line":70,"column":0},"end":{"line":null,"column":-1}},"3":{"start":{"line":73,"column":0},"end":{"line":null,"column":-1}}},"fnMap":{"0":{"name":"data","decl":{"start":{"line":52,"column":0},"end":{"line":null,"column":-1}},"loc":{"start":{"line":52,"column":0},"end":{"line":64,"column":0}}},"1":{"name":"dataLoadProvider","decl":{"start":{"line":66,"column":0},"end":{"line":null,"column":-1}},"loc":{"start":{"line":66,"column":0},"end":{"line":68,"column":0}}},"2":{"name":"onContextChanged","decl":{"start":{"line":69,"column":0},"end":{"line":null,"column":-1}},"loc":{"start":{"line":69,"column":0},"end":{"line":71,"column":0}}},"3":{"name":"onDelete","decl":{"start":{"line":72,"column":0},"end":{"line":null,"column":-1}},"loc":{"start":{"line":72,"column":0},"end":{"line":74,"column":0}}}},"branchMap":{},"s":{"0":0,"1":0,"2":0,"3":0},"f":{"0":0,"1":0,"2":0,"3":0},"b":{}}
,"/home/jandaryl/Sites/thesis/resources/assets/js/backend/views/FormSubmissionList.vue": {"path":"/home/jandaryl/Sites/thesis/resources/assets/js/backend/views/FormSubmissionList.vue","statementMap":{"0":{"start":{"line":51,"column":0},"end":{"line":null,"column":-1}},"1":{"start":{"line":68,"column":0},"end":{"line":null,"column":-1}},"2":{"start":{"line":73,"column":0},"end":{"line":null,"column":-1}},"3":{"start":{"line":76,"column":0},"end":{"line":null,"column":-1}},"4":{"start":{"line":79,"column":0},"end":{"line":null,"column":-1}},"5":{"start":{"line":82,"column":0},"end":{"line":null,"column":-1}}},"fnMap":{"0":{"name":"data","decl":{"start":{"line":50,"column":0},"end":{"line":null,"column":-1}},"loc":{"start":{"line":50,"column":0},"end":{"line":65,"column":0}}},"1":{"name":"selected","decl":{"start":{"line":67,"column":0},"end":{"line":null,"column":-1}},"loc":{"start":{"line":67,"column":0},"end":{"line":69,"column":0}}},"2":{"name":"dataLoadProvider","decl":{"start":{"line":72,"column":0},"end":{"line":null,"column":-1}},"loc":{"start":{"line":72,"column":0},"end":{"line":74,"column":0}}},"3":{"name":"onContextChanged","decl":{"start":{"line":75,"column":0},"end":{"line":null,"column":-1}},"loc":{"start":{"line":75,"column":0},"end":{"line":77,"column":0}}},"4":{"name":"onDelete","decl":{"start":{"line":78,"column":0},"end":{"line":null,"column":-1}},"loc":{"start":{"line":78,"column":0},"end":{"line":80,"column":0}}},"5":{"name":"onBulkActionSuccess","decl":{"start":{"line":81,"column":0},"end":{"line":null,"column":-1}},"loc":{"start":{"line":81,"column":0},"end":{"line":83,"column":0}}}},"branchMap":{},"s":{"0":0,"1":0,"2":0,"3":0,"4":0,"5":0},"f":{"0":0,"1":0,"2":0,"3":0,"4":0,"5":0},"b":{}}
,"/home/jandaryl/Sites/thesis/resources/assets/js/backend/views/FormSubmissionShow.vue": {"path":"/home/jandaryl/Sites/thesis/resources/assets/js/backend/views/FormSubmissionShow.vue","statementMap":{"0":{"start":{"line":26,"column":0},"end":{"line":null,"column":-1}},"1":{"start":{"line":37,"column":0},"end":{"line":null,"column":-1}},"2":{"start":{"line":41,"column":0},"end":{"line":null,"column":-1}},"3":{"start":{"line":42,"column":0},"end":{"line":null,"column":-1}},"4":{"start":{"line":43,"column":0},"end":{"line":null,"column":-1}}},"fnMap":{"0":{"name":"data","decl":{"start":{"line":36,"column":0},"end":{"line":null,"column":-1}},"loc":{"start":{"line":36,"column":0},"end":{"line":40,"column":0}}},"1":{"name":"created","decl":{"start":{"line":41,"column":0},"end":{"line":null,"column":-1}},"loc":{"start":{"line":41,"column":0},"end":{"line":44,"column":0}}}},"branchMap":{"0":{"loc":{"start":{"line":41,"column":0},"end":{"line":null,"column":-1}},"type":"switch","locations":[{"start":{"line":41,"column":0},"end":{"line":null,"column":-1}},{"start":{"line":41,"column":0},"end":{"line":43,"column":0}},{"start":{"line":41,"column":0},"end":{"line":null,"column":-1}},{"start":{"line":41,"column":0},"end":{"line":null,"column":-1}}]}},"s":{"0":2,"1":0,"2":0,"3":0,"4":0},"f":{"0":0,"1":0},"b":{"0":[0,0,0,0]}}
,"/home/jandaryl/Sites/thesis/resources/assets/js/backend/views/MetaForm.vue": {"path":"/home/jandaryl/Sites/thesis/resources/assets/js/backend/views/MetaForm.vue","statementMap":{"0":{"start":{"line":94,"column":0},"end":{"line":null,"column":-1}},"1":{"start":{"line":95,"column":0},"end":{"line":null,"column":-1}},"2":{"start":{"line":101,"column":0},"end":{"line":null,"column":-1}},"3":{"start":{"line":116,"column":0},"end":{"line":null,"column":-1}},"4":{"start":{"line":119,"column":0},"end":{"line":null,"column":-1}},"5":{"start":{"line":120,"column":0},"end":{"line":null,"column":-1}},"6":{"start":{"line":121,"column":0},"end":{"line":null,"column":-1}}},"fnMap":{"0":{"name":"data","decl":{"start":{"line":100,"column":0},"end":{"line":null,"column":-1}},"loc":{"start":{"line":100,"column":0},"end":{"line":114,"column":0}}},"1":{"name":"created","decl":{"start":{"line":115,"column":0},"end":{"line":null,"column":-1}},"loc":{"start":{"line":115,"column":0},"end":{"line":117,"column":0}}},"2":{"name":"fetchRoutes","decl":{"start":{"line":119,"column":0},"end":{"line":null,"column":-1}},"loc":{"start":{"line":119,"column":0},"end":{"line":122,"column":0}}}},"branchMap":{"0":{"loc":{"start":{"line":119,"column":0},"end":{"line":null,"column":-1}},"type":"switch","locations":[{"start":{"line":119,"column":0},"end":{"line":null,"column":-1}},{"start":{"line":119,"column":0},"end":{"line":121,"column":0}},{"start":{"line":119,"column":0},"end":{"line":null,"column":-1}},{"start":{"line":119,"column":0},"end":{"line":null,"column":-1}}]}},"s":{"0":2,"1":2,"2":0,"3":0,"4":0,"5":0,"6":0},"f":{"0":0,"1":0,"2":0},"b":{"0":[0,0,0,0]}}
,"/home/jandaryl/Sites/thesis/resources/assets/js/backend/views/MetaList.vue": {"path":"/home/jandaryl/Sites/thesis/resources/assets/js/backend/views/MetaList.vue","statementMap":{"0":{"start":{"line":54,"column":0},"end":{"line":null,"column":-1}},"1":{"start":{"line":74,"column":0},"end":{"line":null,"column":-1}},"2":{"start":{"line":79,"column":0},"end":{"line":null,"column":-1}},"3":{"start":{"line":82,"column":0},"end":{"line":null,"column":-1}},"4":{"start":{"line":85,"column":0},"end":{"line":null,"column":-1}},"5":{"start":{"line":88,"column":0},"end":{"line":null,"column":-1}}},"fnMap":{"0":{"name":"data","decl":{"start":{"line":53,"column":0},"end":{"line":null,"column":-1}},"loc":{"start":{"line":53,"column":0},"end":{"line":71,"column":0}}},"1":{"name":"selected","decl":{"start":{"line":73,"column":0},"end":{"line":null,"column":-1}},"loc":{"start":{"line":73,"column":0},"end":{"line":75,"column":0}}},"2":{"name":"dataLoadProvider","decl":{"start":{"line":78,"column":0},"end":{"line":null,"column":-1}},"loc":{"start":{"line":78,"column":0},"end":{"line":80,"column":0}}},"3":{"name":"onContextChanged","decl":{"start":{"line":81,"column":0},"end":{"line":null,"column":-1}},"loc":{"start":{"line":81,"column":0},"end":{"line":83,"column":0}}},"4":{"name":"onDelete","decl":{"start":{"line":84,"column":0},"end":{"line":null,"column":-1}},"loc":{"start":{"line":84,"column":0},"end":{"line":86,"column":0}}},"5":{"name":"onBulkActionSuccess","decl":{"start":{"line":87,"column":0},"end":{"line":null,"column":-1}},"loc":{"start":{"line":87,"column":0},"end":{"line":89,"column":0}}}},"branchMap":{},"s":{"0":0,"1":0,"2":0,"3":0,"4":0,"5":0},"f":{"0":0,"1":0,"2":0,"3":0,"4":0,"5":0},"b":{}}
,"/home/jandaryl/Sites/thesis/resources/assets/js/backend/views/PostForm.vue": {"path":"/home/jandaryl/Sites/thesis/resources/assets/js/backend/views/PostForm.vue","statementMap":{"0":{"start":{"line":281,"column":0},"end":{"line":null,"column":-1}},"1":{"start":{"line":282,"column":0},"end":{"line":null,"column":-1}},"2":{"start":{"line":288,"column":0},"end":{"line":null,"column":-1}},"3":{"start":{"line":324,"column":0},"end":{"line":null,"column":-1}},"4":{"start":{"line":324,"column":0},"end":{"line":325,"column":0}},"5":{"start":{"line":325,"column":0},"end":{"line":null,"column":-1}},"6":{"start":{"line":331,"column":0},"end":{"line":null,"column":-1}},"7":{"start":{"line":334,"column":0},"end":{"line":null,"column":-1}},"8":{"start":{"line":335,"column":0},"end":{"line":null,"column":-1}},"9":{"start":{"line":336,"column":0},"end":{"line":null,"column":-1}}},"fnMap":{"0":{"name":"data","decl":{"start":{"line":287,"column":0},"end":{"line":null,"column":-1}},"loc":{"start":{"line":287,"column":0},"end":{"line":322,"column":0}}},"1":{"name":"getTags","decl":{"start":{"line":324,"column":0},"end":{"line":null,"column":-1}},"loc":{"start":{"line":324,"column":0},"end":{"line":332,"column":0}}},"2":{"name":"deleteFeaturedImage","decl":{"start":{"line":333,"column":0},"end":{"line":null,"column":-1}},"loc":{"start":{"line":333,"column":0},"end":{"line":337,"column":0}}}},"branchMap":{"0":{"loc":{"start":{"line":324,"column":0},"end":{"line":325,"column":0}},"type":"switch","locations":[{"start":{"line":324,"column":0},"end":{"line":325,"column":0}},{"start":{"line":324,"column":0},"end":{"line":331,"column":0}},{"start":{"line":324,"column":0},"end":{"line":null,"column":-1}},{"start":{"line":324,"column":0},"end":{"line":null,"column":-1}}]}},"s":{"0":2,"1":2,"2":0,"3":0,"4":0,"5":0,"6":0,"7":0,"8":0,"9":0},"f":{"0":0,"1":0,"2":0},"b":{"0":[0,0,0,0]}}
,"/home/jandaryl/Sites/thesis/resources/assets/js/backend/views/PostList.vue": {"path":"/home/jandaryl/Sites/thesis/resources/assets/js/backend/views/PostList.vue","statementMap":{"0":{"start":{"line":80,"column":0},"end":{"line":null,"column":-1}},"1":{"start":{"line":85,"column":0},"end":{"line":null,"column":-1}},"2":{"start":{"line":108,"column":0},"end":{"line":null,"column":-1}},"3":{"start":{"line":113,"column":0},"end":{"line":null,"column":-1}},"4":{"start":{"line":116,"column":0},"end":{"line":null,"column":-1}},"5":{"start":{"line":119,"column":0},"end":{"line":null,"column":-1}},"6":{"start":{"line":122,"column":0},"end":{"line":null,"column":-1}},"7":{"start":{"line":124,"column":0},"end":{"line":null,"column":-1}},"8":{"start":{"line":125,"column":0},"end":{"line":128,"column":0}},"9":{"start":{"line":127,"column":0},"end":{"line":null,"column":-1}},"10":{"start":{"line":130,"column":0},"end":{"line":null,"column":-1}},"11":{"start":{"line":131,"column":0},"end":{"line":134,"column":0}},"12":{"start":{"line":133,"column":0},"end":{"line":null,"column":-1}}},"fnMap":{"0":{"name":"data","decl":{"start":{"line":84,"column":0},"end":{"line":null,"column":-1}},"loc":{"start":{"line":84,"column":0},"end":{"line":105,"column":0}}},"1":{"name":"selected","decl":{"start":{"line":107,"column":0},"end":{"line":null,"column":-1}},"loc":{"start":{"line":107,"column":0},"end":{"line":109,"column":0}}},"2":{"name":"dataLoadProvider","decl":{"start":{"line":112,"column":0},"end":{"line":null,"column":-1}},"loc":{"start":{"line":112,"column":0},"end":{"line":114,"column":0}}},"3":{"name":"onContextChanged","decl":{"start":{"line":115,"column":0},"end":{"line":null,"column":-1}},"loc":{"start":{"line":115,"column":0},"end":{"line":117,"column":0}}},"4":{"name":"onDelete","decl":{"start":{"line":118,"column":0},"end":{"line":null,"column":-1}},"loc":{"start":{"line":118,"column":0},"end":{"line":120,"column":0}}},"5":{"name":"onBulkActionSuccess","decl":{"start":{"line":121,"column":0},"end":{"line":null,"column":-1}},"loc":{"start":{"line":121,"column":0},"end":{"line":123,"column":0}}},"6":{"name":"onPinToggle","decl":{"start":{"line":124,"column":0},"end":{"line":null,"column":-1}},"loc":{"start":{"line":124,"column":0},"end":{"line":129,"column":0}}},"7":{"name":"(anonymous_9)","decl":{"start":{"line":125,"column":0},"end":{"line":null,"column":-1}},"loc":{"start":{"line":125,"column":0},"end":{"line":128,"column":0}}},"8":{"name":"onPromoteToggle","decl":{"start":{"line":130,"column":0},"end":{"line":null,"column":-1}},"loc":{"start":{"line":130,"column":0},"end":{"line":135,"column":0}}},"9":{"name":"(anonymous_11)","decl":{"start":{"line":131,"column":0},"end":{"line":null,"column":-1}},"loc":{"start":{"line":131,"column":0},"end":{"line":134,"column":0}}}},"branchMap":{},"s":{"0":2,"1":0,"2":0,"3":0,"4":0,"5":0,"6":0,"7":0,"8":0,"9":0,"10":0,"11":0,"12":0},"f":{"0":0,"1":0,"2":0,"3":0,"4":0,"5":0,"6":0,"7":0,"8":0,"9":0},"b":{}}
,"/home/jandaryl/Sites/thesis/resources/assets/js/backend/views/RedirectionForm.vue": {"path":"/home/jandaryl/Sites/thesis/resources/assets/js/backend/views/RedirectionForm.vue","statementMap":{"0":{"start":{"line":87,"column":0},"end":{"line":null,"column":-1}},"1":{"start":{"line":88,"column":0},"end":{"line":null,"column":-1}},"2":{"start":{"line":94,"column":0},"end":{"line":null,"column":-1}},"3":{"start":{"line":107,"column":0},"end":{"line":null,"column":-1}},"4":{"start":{"line":108,"column":0},"end":{"line":null,"column":-1}},"5":{"start":{"line":110,"column":0},"end":{"line":null,"column":-1}},"6":{"start":{"line":111,"column":0},"end":{"line":null,"column":-1}}},"fnMap":{"0":{"name":"data","decl":{"start":{"line":93,"column":0},"end":{"line":null,"column":-1}},"loc":{"start":{"line":93,"column":0},"end":{"line":106,"column":0}}},"1":{"name":"created","decl":{"start":{"line":107,"column":0},"end":{"line":null,"column":-1}},"loc":{"start":{"line":107,"column":0},"end":{"line":112,"column":0}}}},"branchMap":{"0":{"loc":{"start":{"line":107,"column":0},"end":{"line":null,"column":-1}},"type":"switch","locations":[{"start":{"line":107,"column":0},"end":{"line":null,"column":-1}},{"start":{"line":107,"column":0},"end":{"line":111,"column":0}},{"start":{"line":107,"column":0},"end":{"line":null,"column":-1}},{"start":{"line":107,"column":0},"end":{"line":null,"column":-1}}]}},"s":{"0":2,"1":2,"2":0,"3":0,"4":0,"5":0,"6":0},"f":{"0":0,"1":0},"b":{"0":[0,0,0,0]}}
,"/home/jandaryl/Sites/thesis/resources/assets/js/backend/views/RedirectionList.vue": {"path":"/home/jandaryl/Sites/thesis/resources/assets/js/backend/views/RedirectionList.vue","statementMap":{"0":{"start":{"line":69,"column":0},"end":{"line":null,"column":-1}},"1":{"start":{"line":74,"column":0},"end":{"line":null,"column":-1}},"2":{"start":{"line":97,"column":0},"end":{"line":null,"column":-1}},"3":{"start":{"line":102,"column":0},"end":{"line":null,"column":-1}},"4":{"start":{"line":105,"column":0},"end":{"line":null,"column":-1}},"5":{"start":{"line":108,"column":0},"end":{"line":null,"column":-1}},"6":{"start":{"line":111,"column":0},"end":{"line":null,"column":-1}},"7":{"start":{"line":113,"column":0},"end":{"line":null,"column":-1}},"8":{"start":{"line":114,"column":0},"end":{"line":117,"column":0}},"9":{"start":{"line":116,"column":0},"end":{"line":null,"column":-1}},"10":{"start":{"line":119,"column":0},"end":{"line":null,"column":-1}},"11":{"start":{"line":120,"column":0},"end":{"line":null,"column":-1}},"12":{"start":{"line":121,"column":0},"end":{"line":null,"column":-1}},"13":{"start":{"line":124,"column":0},"end":{"line":null,"column":-1}},"14":{"start":{"line":125,"column":0},"end":{"line":null,"column":-1}},"15":{"start":{"line":126,"column":0},"end":{"line":null,"column":-1}},"16":{"start":{"line":128,"column":0},"end":{"line":null,"column":-1}}},"fnMap":{"0":{"name":"data","decl":{"start":{"line":73,"column":0},"end":{"line":null,"column":-1}},"loc":{"start":{"line":73,"column":0},"end":{"line":94,"column":0}}},"1":{"name":"selected","decl":{"start":{"line":96,"column":0},"end":{"line":null,"column":-1}},"loc":{"start":{"line":96,"column":0},"end":{"line":98,"column":0}}},"2":{"name":"dataLoadProvider","decl":{"start":{"line":101,"column":0},"end":{"line":null,"column":-1}},"loc":{"start":{"line":101,"column":0},"end":{"line":103,"column":0}}},"3":{"name":"onContextChanged","decl":{"start":{"line":104,"column":0},"end":{"line":null,"column":-1}},"loc":{"start":{"line":104,"column":0},"end":{"line":106,"column":0}}},"4":{"name":"onDelete","decl":{"start":{"line":107,"column":0},"end":{"line":null,"column":-1}},"loc":{"start":{"line":107,"column":0},"end":{"line":109,"column":0}}},"5":{"name":"onBulkActionSuccess","decl":{"start":{"line":110,"column":0},"end":{"line":null,"column":-1}},"loc":{"start":{"line":110,"column":0},"end":{"line":112,"column":0}}},"6":{"name":"onActiveToggle","decl":{"start":{"line":113,"column":0},"end":{"line":null,"column":-1}},"loc":{"start":{"line":113,"column":0},"end":{"line":118,"column":0}}},"7":{"name":"(anonymous_15)","decl":{"start":{"line":114,"column":0},"end":{"line":null,"column":-1}},"loc":{"start":{"line":114,"column":0},"end":{"line":117,"column":0}}},"8":{"name":"onFileImport","decl":{"start":{"line":119,"column":0},"end":{"line":null,"column":-1}},"loc":{"start":{"line":119,"column":0},"end":{"line":130,"column":0}}}},"branchMap":{"0":{"loc":{"start":{"line":119,"column":0},"end":{"line":null,"column":-1}},"type":"switch","locations":[{"start":{"line":119,"column":0},"end":{"line":null,"column":-1}},{"start":{"line":119,"column":0},"end":{"line":null,"column":-1}},{"start":{"line":119,"column":0},"end":{"line":128,"column":0}},{"start":{"line":119,"column":0},"end":{"line":null,"column":-1}},{"start":{"line":119,"column":0},"end":{"line":null,"column":-1}}]}},"s":{"0":2,"1":0,"2":0,"3":0,"4":0,"5":0,"6":0,"7":0,"8":0,"9":0,"10":0,"11":0,"12":0,"13":0,"14":0,"15":0,"16":0},"f":{"0":0,"1":0,"2":0,"3":0,"4":0,"5":0,"6":0,"7":0,"8":0},"b":{"0":[0,0,0,0,0]}}
,"/home/jandaryl/Sites/thesis/resources/assets/js/backend/views/RoleForm.vue": {"path":"/home/jandaryl/Sites/thesis/resources/assets/js/backend/views/RoleForm.vue","statementMap":{"0":{"start":{"line":127,"column":0},"end":{"line":null,"column":-1}},"1":{"start":{"line":128,"column":0},"end":{"line":null,"column":-1}},"2":{"start":{"line":132,"column":0},"end":{"line":null,"column":-1}},"3":{"start":{"line":138,"column":0},"end":{"line":null,"column":-1}},"4":{"start":{"line":152,"column":0},"end":{"line":null,"column":-1}},"5":{"start":{"line":153,"column":0},"end":{"line":null,"column":-1}},"6":{"start":{"line":155,"column":0},"end":{"line":null,"column":-1}},"7":{"start":{"line":157,"column":0},"end":{"line":159,"column":0}},"8":{"start":{"line":158,"column":0},"end":{"line":null,"column":-1}},"9":{"start":{"line":161,"column":0},"end":{"line":166,"column":0}},"10":{"start":{"line":162,"column":0},"end":{"line":null,"column":-1}},"11":{"start":{"line":170,"column":0},"end":{"line":174,"column":0}},"12":{"start":{"line":171,"column":0},"end":{"line":173,"column":0}},"13":{"start":{"line":172,"column":0},"end":{"line":null,"column":-1}}},"fnMap":{"0":{"name":"data","decl":{"start":{"line":137,"column":0},"end":{"line":null,"column":-1}},"loc":{"start":{"line":137,"column":0},"end":{"line":151,"column":0}}},"1":{"name":"created","decl":{"start":{"line":152,"column":0},"end":{"line":null,"column":-1}},"loc":{"start":{"line":152,"column":0},"end":{"line":167,"column":0}}},"2":{"name":"(anonymous_12)","decl":{"start":{"line":157,"column":0},"end":{"line":null,"column":-1}},"loc":{"start":{"line":157,"column":0},"end":{"line":159,"column":0}}},"3":{"name":"(anonymous_13)","decl":{"start":{"line":161,"column":0},"end":{"line":null,"column":-1}},"loc":{"start":{"line":161,"column":0},"end":{"line":166,"column":0}}},"4":{"name":"onModelChanged","decl":{"start":{"line":169,"column":0},"end":{"line":null,"column":-1}},"loc":{"start":{"line":169,"column":0},"end":{"line":175,"column":0}}},"5":{"name":"(anonymous_15)","decl":{"start":{"line":171,"column":0},"end":{"line":null,"column":-1}},"loc":{"start":{"line":171,"column":0},"end":{"line":173,"column":0}}}},"branchMap":{"0":{"loc":{"start":{"line":152,"column":0},"end":{"line":null,"column":-1}},"type":"switch","locations":[{"start":{"line":152,"column":0},"end":{"line":null,"column":-1}},{"start":{"line":152,"column":0},"end":{"line":166,"column":0}},{"start":{"line":152,"column":0},"end":{"line":null,"column":-1}},{"start":{"line":152,"column":0},"end":{"line":null,"column":-1}}]},"1":{"loc":{"start":{"line":170,"column":0},"end":{"line":174,"column":0}},"type":"if","locations":[{"start":{"line":170,"column":0},"end":{"line":174,"column":0}},{"start":{"line":170,"column":0},"end":{"line":174,"column":0}}]}},"s":{"0":2,"1":2,"2":2,"3":0,"4":0,"5":0,"6":0,"7":0,"8":0,"9":0,"10":0,"11":0,"12":0,"13":0},"f":{"0":0,"1":0,"2":0,"3":0,"4":0,"5":0},"b":{"0":[0,0,0,0],"1":[0,0]}}
,"/home/jandaryl/Sites/thesis/resources/assets/js/backend/views/RoleList.vue": {"path":"/home/jandaryl/Sites/thesis/resources/assets/js/backend/views/RoleList.vue","statementMap":{"0":{"start":{"line":53,"column":0},"end":{"line":null,"column":-1}},"1":{"start":{"line":68,"column":0},"end":{"line":null,"column":-1}},"2":{"start":{"line":71,"column":0},"end":{"line":null,"column":-1}},"3":{"start":{"line":74,"column":0},"end":{"line":null,"column":-1}}},"fnMap":{"0":{"name":"data","decl":{"start":{"line":52,"column":0},"end":{"line":null,"column":-1}},"loc":{"start":{"line":52,"column":0},"end":{"line":65,"column":0}}},"1":{"name":"dataLoadProvider","decl":{"start":{"line":67,"column":0},"end":{"line":null,"column":-1}},"loc":{"start":{"line":67,"column":0},"end":{"line":69,"column":0}}},"2":{"name":"onContextChanged","decl":{"start":{"line":70,"column":0},"end":{"line":null,"column":-1}},"loc":{"start":{"line":70,"column":0},"end":{"line":72,"column":0}}},"3":{"name":"onDelete","decl":{"start":{"line":73,"column":0},"end":{"line":null,"column":-1}},"loc":{"start":{"line":73,"column":0},"end":{"line":75,"column":0}}}},"branchMap":{},"s":{"0":0,"1":0,"2":0,"3":0},"f":{"0":0,"1":0,"2":0,"3":0},"b":{}}
,"/home/jandaryl/Sites/thesis/resources/assets/js/backend/views/Search.vue": {"path":"/home/jandaryl/Sites/thesis/resources/assets/js/backend/views/Search.vue","statementMap":{"0":{"start":{"line":16,"column":0},"end":{"line":null,"column":-1}},"1":{"start":{"line":21,"column":0},"end":{"line":null,"column":-1}},"2":{"start":{"line":29,"column":0},"end":{"line":null,"column":-1}},"3":{"start":{"line":32,"column":0},"end":{"line":null,"column":-1}},"4":{"start":{"line":32,"column":0},"end":{"line":34,"column":0}},"5":{"start":{"line":34,"column":0},"end":{"line":null,"column":-1}},"6":{"start":{"line":39,"column":0},"end":{"line":null,"column":-1}}},"fnMap":{"0":{"name":"data","decl":{"start":{"line":20,"column":0},"end":{"line":null,"column":-1}},"loc":{"start":{"line":20,"column":0},"end":{"line":24,"column":0}}},"1":{"name":"created","decl":{"start":{"line":28,"column":0},"end":{"line":null,"column":-1}},"loc":{"start":{"line":28,"column":0},"end":{"line":30,"column":0}}},"2":{"name":"fetchData","decl":{"start":{"line":32,"column":0},"end":{"line":null,"column":-1}},"loc":{"start":{"line":32,"column":0},"end":{"line":41,"column":0}}}},"branchMap":{"0":{"loc":{"start":{"line":32,"column":0},"end":{"line":34,"column":0}},"type":"switch","locations":[{"start":{"line":32,"column":0},"end":{"line":34,"column":0}},{"start":{"line":32,"column":0},"end":{"line":39,"column":0}},{"start":{"line":32,"column":0},"end":{"line":null,"column":-1}},{"start":{"line":32,"column":0},"end":{"line":null,"column":-1}}]},"1":{"loc":{"start":{"line":32,"column":0},"end":{"line":null,"column":-1}},"type":"if","locations":[{"start":{"line":32,"column":0},"end":{"line":null,"column":-1}},{"start":{"line":32,"column":0},"end":{"line":null,"column":-1}}]}},"s":{"0":2,"1":0,"2":0,"3":0,"4":0,"5":0,"6":0},"f":{"0":0,"1":0,"2":0},"b":{"0":[0,0,0,0],"1":[0,0]}}
,"/home/jandaryl/Sites/thesis/resources/assets/js/backend/views/UserForm.vue": {"path":"/home/jandaryl/Sites/thesis/resources/assets/js/backend/views/UserForm.vue","statementMap":{"0":{"start":{"line":126,"column":0},"end":{"line":null,"column":-1}},"1":{"start":{"line":127,"column":0},"end":{"line":null,"column":-1}},"2":{"start":{"line":133,"column":0},"end":{"line":null,"column":-1}},"3":{"start":{"line":148,"column":0},"end":{"line":null,"column":-1}},"4":{"start":{"line":149,"column":0},"end":{"line":null,"column":-1}},"5":{"start":{"line":150,"column":0},"end":{"line":null,"column":-1}},"6":{"start":{"line":151,"column":0},"end":{"line":null,"column":-1}},"7":{"start":{"line":155,"column":0},"end":{"line":159,"column":0}},"8":{"start":{"line":156,"column":0},"end":{"line":158,"column":0}},"9":{"start":{"line":157,"column":0},"end":{"line":null,"column":-1}}},"fnMap":{"0":{"name":"data","decl":{"start":{"line":132,"column":0},"end":{"line":null,"column":-1}},"loc":{"start":{"line":132,"column":0},"end":{"line":147,"column":0}}},"1":{"name":"created","decl":{"start":{"line":148,"column":0},"end":{"line":null,"column":-1}},"loc":{"start":{"line":148,"column":0},"end":{"line":152,"column":0}}},"2":{"name":"onModelChanged","decl":{"start":{"line":154,"column":0},"end":{"line":null,"column":-1}},"loc":{"start":{"line":154,"column":0},"end":{"line":160,"column":0}}},"3":{"name":"(anonymous_13)","decl":{"start":{"line":156,"column":0},"end":{"line":null,"column":-1}},"loc":{"start":{"line":156,"column":0},"end":{"line":158,"column":0}}}},"branchMap":{"0":{"loc":{"start":{"line":148,"column":0},"end":{"line":null,"column":-1}},"type":"switch","locations":[{"start":{"line":148,"column":0},"end":{"line":null,"column":-1}},{"start":{"line":148,"column":0},"end":{"line":151,"column":0}},{"start":{"line":148,"column":0},"end":{"line":null,"column":-1}},{"start":{"line":148,"column":0},"end":{"line":null,"column":-1}}]},"1":{"loc":{"start":{"line":155,"column":0},"end":{"line":159,"column":0}},"type":"if","locations":[{"start":{"line":155,"column":0},"end":{"line":159,"column":0}},{"start":{"line":155,"column":0},"end":{"line":159,"column":0}}]}},"s":{"0":2,"1":2,"2":0,"3":0,"4":0,"5":0,"6":0,"7":0,"8":0,"9":0},"f":{"0":0,"1":0,"2":0,"3":0},"b":{"0":[0,0,0,0],"1":[0,0]}}
,"/home/jandaryl/Sites/thesis/resources/assets/js/backend/views/UserList.vue": {"path":"/home/jandaryl/Sites/thesis/resources/assets/js/backend/views/UserList.vue","statementMap":{"0":{"start":{"line":65,"column":0},"end":{"line":null,"column":-1}},"1":{"start":{"line":70,"column":0},"end":{"line":null,"column":-1}},"2":{"start":{"line":94,"column":0},"end":{"line":null,"column":-1}},"3":{"start":{"line":99,"column":0},"end":{"line":null,"column":-1}},"4":{"start":{"line":102,"column":0},"end":{"line":null,"column":-1}},"5":{"start":{"line":105,"column":0},"end":{"line":null,"column":-1}},"6":{"start":{"line":107,"column":0},"end":{"line":null,"column":-1}},"7":{"start":{"line":108,"column":0},"end":{"line":111,"column":0}},"8":{"start":{"line":110,"column":0},"end":{"line":null,"column":-1}},"9":{"start":{"line":114,"column":0},"end":{"line":null,"column":-1}},"10":{"start":{"line":117,"column":0},"end":{"line":119,"column":0}},"11":{"start":{"line":118,"column":0},"end":{"line":null,"column":-1}}},"fnMap":{"0":{"name":"data","decl":{"start":{"line":69,"column":0},"end":{"line":null,"column":-1}},"loc":{"start":{"line":69,"column":0},"end":{"line":91,"column":0}}},"1":{"name":"selected","decl":{"start":{"line":93,"column":0},"end":{"line":null,"column":-1}},"loc":{"start":{"line":93,"column":0},"end":{"line":95,"column":0}}},"2":{"name":"dataLoadProvider","decl":{"start":{"line":98,"column":0},"end":{"line":null,"column":-1}},"loc":{"start":{"line":98,"column":0},"end":{"line":100,"column":0}}},"3":{"name":"onContextChanged","decl":{"start":{"line":101,"column":0},"end":{"line":null,"column":-1}},"loc":{"start":{"line":101,"column":0},"end":{"line":103,"column":0}}},"4":{"name":"onDelete","decl":{"start":{"line":104,"column":0},"end":{"line":null,"column":-1}},"loc":{"start":{"line":104,"column":0},"end":{"line":106,"column":0}}},"5":{"name":"onActiveToggle","decl":{"start":{"line":107,"column":0},"end":{"line":null,"column":-1}},"loc":{"start":{"line":107,"column":0},"end":{"line":112,"column":0}}},"6":{"name":"(anonymous_8)","decl":{"start":{"line":108,"column":0},"end":{"line":null,"column":-1}},"loc":{"start":{"line":108,"column":0},"end":{"line":111,"column":0}}},"7":{"name":"onBulkActionSuccess","decl":{"start":{"line":113,"column":0},"end":{"line":null,"column":-1}},"loc":{"start":{"line":113,"column":0},"end":{"line":115,"column":0}}},"8":{"name":"formatRoles","decl":{"start":{"line":116,"column":0},"end":{"line":null,"column":-1}},"loc":{"start":{"line":116,"column":0},"end":{"line":120,"column":0}}},"9":{"name":"(anonymous_11)","decl":{"start":{"line":117,"column":0},"end":{"line":null,"column":-1}},"loc":{"start":{"line":117,"column":0},"end":{"line":119,"column":0}}}},"branchMap":{},"s":{"0":2,"1":0,"2":0,"3":0,"4":0,"5":0,"6":0,"7":0,"8":0,"9":0,"10":0,"11":0},"f":{"0":0,"1":0,"2":0,"3":0,"4":0,"5":0,"6":0,"7":0,"8":0,"9":0},"b":{}}
,"/home/jandaryl/Sites/thesis/resources/assets/vendor/coreui/components/Breadcrumb/Breadcrumb.vue": {"path":"/home/jandaryl/Sites/thesis/resources/assets/vendor/coreui/components/Breadcrumb/Breadcrumb.vue","statementMap":{"0":{"start":{"line":16,"column":0},"end":{"line":null,"column":-1}},"1":{"start":{"line":21,"column":0},"end":{"line":null,"column":-1}},"2":{"start":{"line":24,"column":0},"end":{"line":26,"column":0}},"3":{"start":{"line":25,"column":0},"end":{"line":null,"column":-1}},"4":{"start":{"line":27,"column":0},"end":{"line":29,"column":0}},"5":{"start":{"line":28,"column":0},"end":{"line":null,"column":-1}},"6":{"start":{"line":30,"column":0},"end":{"line":null,"column":-1}}},"fnMap":{"0":{"name":"_default","decl":{"start":{"line":16,"column":0},"end":{"line":null,"column":-1}},"loc":{"start":{"line":16,"column":0},"end":{"line":null,"column":-1}}},"1":{"name":"isLast","decl":{"start":{"line":20,"column":0},"end":{"line":null,"column":-1}},"loc":{"start":{"line":20,"column":0},"end":{"line":22,"column":0}}},"2":{"name":"showName","decl":{"start":{"line":23,"column":0},"end":{"line":null,"column":-1}},"loc":{"start":{"line":23,"column":0},"end":{"line":31,"column":0}}}},"branchMap":{"0":{"loc":{"start":{"line":24,"column":0},"end":{"line":26,"column":0}},"type":"if","locations":[{"start":{"line":24,"column":0},"end":{"line":26,"column":0}},{"start":{"line":24,"column":0},"end":{"line":26,"column":0}}]},"1":{"loc":{"start":{"line":24,"column":0},"end":{"line":null,"column":-1}},"type":"binary-expr","locations":[{"start":{"line":24,"column":0},"end":{"line":null,"column":-1}},{"start":{"line":24,"column":0},"end":{"line":null,"column":-1}}]},"2":{"loc":{"start":{"line":25,"column":0},"end":{"line":null,"column":-1}},"type":"binary-expr","locations":[{"start":{"line":25,"column":0},"end":{"line":null,"column":-1}},{"start":{"line":25,"column":0},"end":{"line":null,"column":-1}}]},"3":{"loc":{"start":{"line":27,"column":0},"end":{"line":29,"column":0}},"type":"if","locations":[{"start":{"line":27,"column":0},"end":{"line":29,"column":0}},{"start":{"line":27,"column":0},"end":{"line":29,"column":0}}]}},"s":{"0":0,"1":0,"2":0,"3":0,"4":0,"5":0,"6":0},"f":{"0":0,"1":0,"2":0},"b":{"0":[0,0],"1":[0,0],"2":[0,0],"3":[0,0]}}
,"/home/jandaryl/Sites/thesis/resources/assets/vendor/coreui/components/Sidebar/Sidebar.vue": {"path":"/home/jandaryl/Sites/thesis/resources/assets/vendor/coreui/components/Sidebar/Sidebar.vue","statementMap":{"0":{"start":{"line":16,"column":0},"end":{"line":null,"column":-1}},"1":{"start":{"line":20,"column":0},"end":{"line":null,"column":-1}},"2":{"start":{"line":21,"column":0},"end":{"line":null,"column":-1}}},"fnMap":{"0":{"name":"mounted","decl":{"start":{"line":15,"column":0},"end":{"line":null,"column":-1}},"loc":{"start":{"line":15,"column":0},"end":{"line":17,"column":0}}},"1":{"name":"isFixed","decl":{"start":{"line":19,"column":0},"end":{"line":null,"column":-1}},"loc":{"start":{"line":19,"column":0},"end":{"line":22,"column":0}}}},"branchMap":{"0":{"loc":{"start":{"line":20,"column":0},"end":{"line":null,"column":-1}},"type":"cond-expr","locations":[{"start":{"line":20,"column":0},"end":{"line":null,"column":-1}},{"start":{"line":20,"column":0},"end":{"line":null,"column":-1}}]}},"s":{"0":0,"1":0,"2":0},"f":{"0":0,"1":0},"b":{"0":[0,0]}}
,"/home/jandaryl/Sites/thesis/resources/assets/vendor/coreui/components/Sidebar/SidebarMinimizer.vue": {"path":"/home/jandaryl/Sites/thesis/resources/assets/vendor/coreui/components/Sidebar/SidebarMinimizer.vue","statementMap":{"0":{"start":{"line":10,"column":0},"end":{"line":null,"column":-1}},"1":{"start":{"line":11,"column":0},"end":{"line":null,"column":-1}},"2":{"start":{"line":14,"column":0},"end":{"line":null,"column":-1}},"3":{"start":{"line":15,"column":0},"end":{"line":null,"column":-1}},"4":{"start":{"line":18,"column":0},"end":{"line":null,"column":-1}}},"fnMap":{"0":{"name":"onClick","decl":{"start":{"line":9,"column":0},"end":{"line":null,"column":-1}},"loc":{"start":{"line":9,"column":0},"end":{"line":12,"column":0}}},"1":{"name":"sidebarMinimize","decl":{"start":{"line":13,"column":0},"end":{"line":null,"column":-1}},"loc":{"start":{"line":13,"column":0},"end":{"line":16,"column":0}}},"2":{"name":"brandMinimize","decl":{"start":{"line":17,"column":0},"end":{"line":null,"column":-1}},"loc":{"start":{"line":17,"column":0},"end":{"line":19,"column":0}}}},"branchMap":{},"s":{"0":0,"1":0,"2":0,"3":0,"4":0},"f":{"0":0,"1":0,"2":0},"b":{}}
,"/home/jandaryl/Sites/thesis/resources/assets/vendor/coreui/components/Sidebar/SidebarNav.vue": {"path":"/home/jandaryl/Sites/thesis/resources/assets/vendor/coreui/components/Sidebar/SidebarNav.vue","statementMap":{"0":{"start":{"line":52,"column":0},"end":{"line":null,"column":-1}},"1":{"start":{"line":53,"column":0},"end":{"line":null,"column":-1}},"2":{"start":{"line":54,"column":0},"end":{"line":null,"column":-1}},"3":{"start":{"line":55,"column":0},"end":{"line":null,"column":-1}},"4":{"start":{"line":56,"column":0},"end":{"line":null,"column":-1}},"5":{"start":{"line":57,"column":0},"end":{"line":null,"column":-1}},"6":{"start":{"line":58,"column":0},"end":{"line":null,"column":-1}},"7":{"start":{"line":75,"column":0},"end":{"line":null,"column":-1}},"8":{"start":{"line":79,"column":0},"end":{"line":null,"column":-1}},"9":{"start":{"line":85,"column":0},"end":{"line":null,"column":-1}}},"fnMap":{"0":{"name":"_default","decl":{"start":{"line":75,"column":0},"end":{"line":null,"column":-1}},"loc":{"start":{"line":75,"column":0},"end":{"line":null,"column":-1}}},"1":{"name":"data","decl":{"start":{"line":78,"column":0},"end":{"line":null,"column":-1}},"loc":{"start":{"line":78,"column":0},"end":{"line":88,"column":0}}},"2":{"name":"interceptRailY","decl":{"start":{"line":85,"column":0},"end":{"line":null,"column":-1}},"loc":{"start":{"line":85,"column":0},"end":{"line":null,"column":-1}}},"3":{"name":"scrollHandle","decl":{"start":{"line":90,"column":0},"end":{"line":null,"column":-1}},"loc":{"start":{"line":90,"column":0},"end":{"line":null,"column":-1}}}},"branchMap":{},"s":{"0":1,"1":1,"2":1,"3":1,"4":1,"5":1,"6":1,"7":0,"8":0,"9":0},"f":{"0":0,"1":0,"2":0,"3":0},"b":{}}
,"/home/jandaryl/Sites/thesis/resources/assets/vendor/coreui/components/Sidebar/SidebarNavDivider.vue": {"path":"/home/jandaryl/Sites/thesis/resources/assets/vendor/coreui/components/Sidebar/SidebarNavDivider.vue","statementMap":{"0":{"start":{"line":16,"column":0},"end":{"line":null,"column":-1}},"1":{"start":{"line":22,"column":0},"end":{"line":null,"column":-1}}},"fnMap":{"0":{"name":"classList","decl":{"start":{"line":15,"column":0},"end":{"line":null,"column":-1}},"loc":{"start":{"line":15,"column":0},"end":{"line":20,"column":0}}},"1":{"name":"itemClasses","decl":{"start":{"line":21,"column":0},"end":{"line":null,"column":-1}},"loc":{"start":{"line":21,"column":0},"end":{"line":23,"column":0}}}},"branchMap":{"0":{"loc":{"start":{"line":22,"column":0},"end":{"line":null,"column":-1}},"type":"cond-expr","locations":[{"start":{"line":22,"column":0},"end":{"line":null,"column":-1}},{"start":{"line":22,"column":0},"end":{"line":null,"column":-1}}]}},"s":{"0":0,"1":0},"f":{"0":0,"1":0},"b":{"0":[0,0]}}
,"/home/jandaryl/Sites/thesis/resources/assets/vendor/coreui/components/Sidebar/SidebarNavDropdown.vue": {"path":"/home/jandaryl/Sites/thesis/resources/assets/vendor/coreui/components/Sidebar/SidebarNavDropdown.vue","statementMap":{"0":{"start":{"line":28,"column":0},"end":{"line":null,"column":-1}},"1":{"start":{"line":36,"column":0},"end":{"line":null,"column":-1}},"2":{"start":{"line":37,"column":0},"end":{"line":null,"column":-1}}},"fnMap":{"0":{"name":"classIcon","decl":{"start":{"line":27,"column":0},"end":{"line":null,"column":-1}},"loc":{"start":{"line":27,"column":0},"end":{"line":32,"column":0}}},"1":{"name":"handleClick","decl":{"start":{"line":35,"column":0},"end":{"line":null,"column":-1}},"loc":{"start":{"line":35,"column":0},"end":{"line":38,"column":0}}}},"branchMap":{},"s":{"0":0,"1":0,"2":0},"f":{"0":0,"1":0},"b":{}}
,"/home/jandaryl/Sites/thesis/resources/assets/vendor/coreui/components/Sidebar/SidebarNavItem.vue": {"path":"/home/jandaryl/Sites/thesis/resources/assets/vendor/coreui/components/Sidebar/SidebarNavItem.vue","statementMap":{"0":{"start":{"line":18,"column":0},"end":{"line":null,"column":-1}},"1":{"start":{"line":24,"column":0},"end":{"line":null,"column":-1}},"2":{"start":{"line":29,"column":0},"end":{"line":31,"column":0}},"3":{"start":{"line":30,"column":0},"end":{"line":null,"column":-1}}},"fnMap":{"0":{"name":"classList","decl":{"start":{"line":17,"column":0},"end":{"line":null,"column":-1}},"loc":{"start":{"line":17,"column":0},"end":{"line":22,"column":0}}},"1":{"name":"itemClasses","decl":{"start":{"line":23,"column":0},"end":{"line":null,"column":-1}},"loc":{"start":{"line":23,"column":0},"end":{"line":25,"column":0}}},"2":{"name":"hideMobile","decl":{"start":{"line":28,"column":0},"end":{"line":null,"column":-1}},"loc":{"start":{"line":28,"column":0},"end":{"line":32,"column":0}}}},"branchMap":{"0":{"loc":{"start":{"line":24,"column":0},"end":{"line":null,"column":-1}},"type":"cond-expr","locations":[{"start":{"line":24,"column":0},"end":{"line":null,"column":-1}},{"start":{"line":24,"column":0},"end":{"line":null,"column":-1}}]},"1":{"loc":{"start":{"line":29,"column":0},"end":{"line":31,"column":0}},"type":"if","locations":[{"start":{"line":29,"column":0},"end":{"line":31,"column":0}},{"start":{"line":29,"column":0},"end":{"line":31,"column":0}}]}},"s":{"0":0,"1":0,"2":0,"3":0},"f":{"0":0,"1":0,"2":0},"b":{"0":[0,0],"1":[0,0]}}
,"/home/jandaryl/Sites/thesis/resources/assets/vendor/coreui/components/Sidebar/SidebarNavLabel.vue": {"path":"/home/jandaryl/Sites/thesis/resources/assets/vendor/coreui/components/Sidebar/SidebarNavLabel.vue","statementMap":{"0":{"start":{"line":8,"column":0},"end":{"line":null,"column":-1}},"1":{"start":{"line":9,"column":0},"end":{"line":null,"column":-1}},"2":{"start":{"line":41,"column":0},"end":{"line":null,"column":-1}},"3":{"start":{"line":45,"column":0},"end":{"line":null,"column":-1}},"4":{"start":{"line":50,"column":0},"end":{"line":null,"column":-1}}},"fnMap":{"0":{"name":"_default","decl":{"start":{"line":36,"column":0},"end":{"line":null,"column":-1}},"loc":{"start":{"line":36,"column":0},"end":{"line":null,"column":-1}}},"1":{"name":"classList","decl":{"start":{"line":40,"column":0},"end":{"line":null,"column":-1}},"loc":{"start":{"line":40,"column":0},"end":{"line":46,"column":0}}},"2":{"name":"getClasses","decl":{"start":{"line":49,"column":0},"end":{"line":null,"column":-1}},"loc":{"start":{"line":49,"column":0},"end":{"line":51,"column":0}}}},"branchMap":{"0":{"loc":{"start":{"line":50,"column":0},"end":{"line":null,"column":-1}},"type":"cond-expr","locations":[{"start":{"line":50,"column":0},"end":{"line":null,"column":-1}},{"start":{"line":50,"column":0},"end":{"line":null,"column":-1}}]}},"s":{"0":1,"1":1,"2":0,"3":0,"4":0},"f":{"0":0,"1":0,"2":0},"b":{"0":[0,0]}}
,"/home/jandaryl/Sites/thesis/resources/assets/vendor/coreui/components/Sidebar/SidebarNavLink.vue": {"path":"/home/jandaryl/Sites/thesis/resources/assets/vendor/coreui/components/Sidebar/SidebarNavLink.vue","statementMap":{"0":{"start":{"line":35,"column":0},"end":{"line":null,"column":-1}},"1":{"start":{"line":52,"column":0},"end":{"line":null,"column":-1}},"2":{"start":{"line":59,"column":0},"end":{"line":null,"column":-1}},"3":{"start":{"line":62,"column":0},"end":{"line":null,"column":-1}},"4":{"start":{"line":65,"column":0},"end":{"line":69,"column":0}},"5":{"start":{"line":66,"column":0},"end":{"line":null,"column":-1}},"6":{"start":{"line":68,"column":0},"end":{"line":null,"column":-1}}},"fnMap":{"0":{"name":"_default","decl":{"start":{"line":35,"column":0},"end":{"line":null,"column":-1}},"loc":{"start":{"line":35,"column":0},"end":{"line":null,"column":-1}}},"1":{"name":"_default","decl":{"start":{"line":39,"column":0},"end":{"line":null,"column":-1}},"loc":{"start":{"line":39,"column":0},"end":{"line":null,"column":-1}}},"2":{"name":"classList","decl":{"start":{"line":51,"column":0},"end":{"line":null,"column":-1}},"loc":{"start":{"line":51,"column":0},"end":{"line":57,"column":0}}},"3":{"name":"linkVariant","decl":{"start":{"line":58,"column":0},"end":{"line":null,"column":-1}},"loc":{"start":{"line":58,"column":0},"end":{"line":60,"column":0}}},"4":{"name":"itemClasses","decl":{"start":{"line":61,"column":0},"end":{"line":null,"column":-1}},"loc":{"start":{"line":61,"column":0},"end":{"line":63,"column":0}}},"5":{"name":"isExternalLink","decl":{"start":{"line":64,"column":0},"end":{"line":null,"column":-1}},"loc":{"start":{"line":64,"column":0},"end":{"line":70,"column":0}}}},"branchMap":{"0":{"loc":{"start":{"line":59,"column":0},"end":{"line":null,"column":-1}},"type":"cond-expr","locations":[{"start":{"line":59,"column":0},"end":{"line":null,"column":-1}},{"start":{"line":59,"column":0},"end":{"line":null,"column":-1}}]},"1":{"loc":{"start":{"line":62,"column":0},"end":{"line":null,"column":-1}},"type":"cond-expr","locations":[{"start":{"line":62,"column":0},"end":{"line":null,"column":-1}},{"start":{"line":62,"column":0},"end":{"line":null,"column":-1}}]},"2":{"loc":{"start":{"line":65,"column":0},"end":{"line":69,"column":0}},"type":"if","locations":[{"start":{"line":65,"column":0},"end":{"line":69,"column":0}},{"start":{"line":65,"column":0},"end":{"line":69,"column":0}}]}},"s":{"0":0,"1":0,"2":0,"3":0,"4":0,"5":0,"6":0},"f":{"0":0,"1":0,"2":0,"3":0,"4":0,"5":0},"b":{"0":[0,0],"1":[0,0],"2":[0,0]}}
,"/home/jandaryl/Sites/thesis/resources/assets/vendor/coreui/components/Sidebar/SidebarNavTitle.vue": {"path":"/home/jandaryl/Sites/thesis/resources/assets/vendor/coreui/components/Sidebar/SidebarNavTitle.vue","statementMap":{"0":{"start":{"line":32,"column":0},"end":{"line":null,"column":-1}},"1":{"start":{"line":38,"column":0},"end":{"line":null,"column":-1}}},"fnMap":{"0":{"name":"_default","decl":{"start":{"line":27,"column":0},"end":{"line":null,"column":-1}},"loc":{"start":{"line":27,"column":0},"end":{"line":null,"column":-1}}},"1":{"name":"classList","decl":{"start":{"line":31,"column":0},"end":{"line":null,"column":-1}},"loc":{"start":{"line":31,"column":0},"end":{"line":36,"column":0}}},"2":{"name":"itemClasses","decl":{"start":{"line":37,"column":0},"end":{"line":null,"column":-1}},"loc":{"start":{"line":37,"column":0},"end":{"line":39,"column":0}}}},"branchMap":{"0":{"loc":{"start":{"line":38,"column":0},"end":{"line":null,"column":-1}},"type":"cond-expr","locations":[{"start":{"line":38,"column":0},"end":{"line":null,"column":-1}},{"start":{"line":38,"column":0},"end":{"line":null,"column":-1}}]}},"s":{"0":0,"1":0},"f":{"0":0,"1":0,"2":0},"b":{"0":[0,0]}}
,"/home/jandaryl/Sites/thesis/resources/assets/vendor/coreui/components/Sidebar/SidebarToggler.vue": {"path":"/home/jandaryl/Sites/thesis/resources/assets/vendor/coreui/components/Sidebar/SidebarToggler.vue","statementMap":{"0":{"start":{"line":13,"column":0},"end":{"line":null,"column":-1}},"1":{"start":{"line":14,"column":0},"end":{"line":null,"column":-1}},"2":{"start":{"line":30,"column":0},"end":{"line":null,"column":-1}},"3":{"start":{"line":38,"column":0},"end":{"line":null,"column":-1}},"4":{"start":{"line":41,"column":0},"end":{"line":null,"column":-1}},"5":{"start":{"line":43,"column":0},"end":{"line":null,"column":-1}},"6":{"start":{"line":44,"column":0},"end":{"line":46,"column":0}},"7":{"start":{"line":45,"column":0},"end":{"line":null,"column":-1}},"8":{"start":{"line":47,"column":0},"end":{"line":null,"column":-1}},"9":{"start":{"line":50,"column":0},"end":{"line":null,"column":-1}},"10":{"start":{"line":51,"column":0},"end":{"line":null,"column":-1}}},"fnMap":{"0":{"name":"classList","decl":{"start":{"line":29,"column":0},"end":{"line":null,"column":-1}},"loc":{"start":{"line":29,"column":0},"end":{"line":35,"column":0}}},"1":{"name":"mounted","decl":{"start":{"line":37,"column":0},"end":{"line":null,"column":-1}},"loc":{"start":{"line":37,"column":0},"end":{"line":39,"column":0}}},"2":{"name":"toggle","decl":{"start":{"line":41,"column":0},"end":{"line":null,"column":-1}},"loc":{"start":{"line":41,"column":0},"end":{"line":48,"column":0}}},"3":{"name":"sidebarToggle","decl":{"start":{"line":49,"column":0},"end":{"line":null,"column":-1}},"loc":{"start":{"line":49,"column":0},"end":{"line":52,"column":0}}}},"branchMap":{"0":{"loc":{"start":{"line":44,"column":0},"end":{"line":46,"column":0}},"type":"if","locations":[{"start":{"line":44,"column":0},"end":{"line":46,"column":0}},{"start":{"line":44,"column":0},"end":{"line":46,"column":0}}]},"1":{"loc":{"start":{"line":44,"column":0},"end":{"line":null,"column":-1}},"type":"binary-expr","locations":[{"start":{"line":44,"column":0},"end":{"line":null,"column":-1}},{"start":{"line":44,"column":0},"end":{"line":null,"column":-1}},{"start":{"line":44,"column":0},"end":{"line":null,"column":-1}}]}},"s":{"0":1,"1":1,"2":0,"3":0,"4":0,"5":0,"6":0,"7":0,"8":0,"9":0,"10":0},"f":{"0":0,"1":0,"2":0,"3":0},"b":{"0":[0,0],"1":[0,0,0]}}
,"/home/jandaryl/Sites/thesis/resources/assets/vendor/coreui/components/Sidebar/index.js": {"path":"/home/jandaryl/Sites/thesis/resources/assets/vendor/coreui/components/Sidebar/index.js","statementMap":{},"fnMap":{},"branchMap":{},"s":{},"f":{},"b":{},"_coverageSchema":"332fd63041d2c1bcb487cc26dd0d5f7d97098a6c","hash":"32953915275909709d5bfd73ba5a52ef9b2b82d1"}
,"/home/jandaryl/Sites/thesis/resources/assets/vendor/coreui/shared/classes.js": {"path":"/home/jandaryl/Sites/thesis/resources/assets/vendor/coreui/shared/classes.js","statementMap":{"0":{"start":{"line":1,"column":33},"end":{"line":7,"column":1}},"1":{"start":{"line":9,"column":35},"end":{"line":15,"column":1}},"2":{"start":{"line":17,"column":32},"end":{"line":17,"column":58}},"3":{"start":{"line":20,"column":2},"end":{"line":20,"column":38}}},"fnMap":{"0":{"name":"checkBreakpoint","decl":{"start":{"line":19,"column":16},"end":{"line":19,"column":31}},"loc":{"start":{"line":19,"column":51},"end":{"line":21,"column":1}},"line":19}},"branchMap":{},"s":{"0":1,"1":1,"2":1,"3":0},"f":{"0":0},"b":{},"_coverageSchema":"332fd63041d2c1bcb487cc26dd0d5f7d97098a6c","hash":"d2a140b10c90877e52685028e65f3e977ef9e516"}
,"/home/jandaryl/Sites/thesis/resources/assets/vendor/coreui/shared/toggle-classes.js": {"path":"/home/jandaryl/Sites/thesis/resources/assets/vendor/coreui/shared/toggle-classes.js","statementMap":{"0":{"start":{"line":2,"column":16},"end":{"line":2,"column":46}},"1":{"start":{"line":3,"column":26},"end":{"line":3,"column":51}},"2":{"start":{"line":4,"column":2},"end":{"line":4,"column":79}},"3":{"start":{"line":4,"column":37},"end":{"line":4,"column":78}},"4":{"start":{"line":5,"column":2},"end":{"line":5,"column":45}}},"fnMap":{"0":{"name":"toggleClasses","decl":{"start":{"line":1,"column":24},"end":{"line":1,"column":37}},"loc":{"start":{"line":1,"column":63},"end":{"line":6,"column":1}},"line":1},"1":{"name":"(anonymous_1)","decl":{"start":{"line":4,"column":22},"end":{"line":4,"column":23}},"loc":{"start":{"line":4,"column":37},"end":{"line":4,"column":78}},"line":4}},"branchMap":{},"s":{"0":0,"1":0,"2":0,"3":0,"4":0},"f":{"0":0,"1":0},"b":{},"_coverageSchema":"332fd63041d2c1bcb487cc26dd0d5f7d97098a6c","hash":"94d7330e6a011afe08b28f1b0f76b3dd2297e0a2"}
,"/home/jandaryl/Sites/thesis/tests/Unit/Backend/Utils/helpers/unit-test-wrappers.js": {"path":"/home/jandaryl/Sites/thesis/tests/Unit/Backend/Utils/helpers/unit-test-wrappers.js","statementMap":{"0":{"start":{"line":5,"column":17},"end":{"line":7,"column":1}},"1":{"start":{"line":6,"column":2},"end":{"line":6,"column":27}},"2":{"start":{"line":9,"column":18},"end":{"line":11,"column":1}},"3":{"start":{"line":10,"column":2},"end":{"line":10,"column":26}},"4":{"start":{"line":13,"column":18},"end":{"line":15,"column":1}},"5":{"start":{"line":14,"column":2},"end":{"line":14,"column":29}},"6":{"start":{"line":17,"column":19},"end":{"line":19,"column":1}},"7":{"start":{"line":18,"column":4},"end":{"line":18,"column":35}},"8":{"start":{"line":21,"column":24},"end":{"line":23,"column":1}},"9":{"start":{"line":22,"column":2},"end":{"line":22,"column":35}},"10":{"start":{"line":25,"column":23},"end":{"line":27,"column":1}},"11":{"start":{"line":26,"column":2},"end":{"line":26,"column":40}},"12":{"start":{"line":31,"column":2},"end":{"line":31,"column":28}}},"fnMap":{"0":{"name":"(anonymous_0)","decl":{"start":{"line":5,"column":17},"end":{"line":5,"column":18}},"loc":{"start":{"line":5,"column":25},"end":{"line":7,"column":1}},"line":5},"1":{"name":"(anonymous_1)","decl":{"start":{"line":9,"column":18},"end":{"line":9,"column":19}},"loc":{"start":{"line":9,"column":26},"end":{"line":11,"column":1}},"line":9},"2":{"name":"(anonymous_2)","decl":{"start":{"line":13,"column":18},"end":{"line":13,"column":19}},"loc":{"start":{"line":13,"column":45},"end":{"line":15,"column":1}},"line":13},"3":{"name":"(anonymous_3)","decl":{"start":{"line":17,"column":19},"end":{"line":17,"column":20}},"loc":{"start":{"line":17,"column":40},"end":{"line":19,"column":1}},"line":17},"4":{"name":"(anonymous_4)","decl":{"start":{"line":21,"column":24},"end":{"line":21,"column":25}},"loc":{"start":{"line":21,"column":32},"end":{"line":23,"column":1}},"line":21},"5":{"name":"(anonymous_5)","decl":{"start":{"line":25,"column":23},"end":{"line":25,"column":24}},"loc":{"start":{"line":25,"column":44},"end":{"line":27,"column":1}},"line":25},"6":{"name":"assertCalled","decl":{"start":{"line":29,"column":9},"end":{"line":29,"column":21}},"loc":{"start":{"line":30,"column":0},"end":{"line":32,"column":1}},"line":30}},"branchMap":{"0":{"loc":{"start":{"line":13,"column":25},"end":{"line":13,"column":40}},"type":"default-arg","locations":[{"start":{"line":13,"column":36},"end":{"line":13,"column":40}}],"line":13}},"s":{"0":1,"1":0,"2":1,"3":0,"4":1,"5":0,"6":1,"7":0,"8":1,"9":0,"10":1,"11":0,"12":0},"f":{"0":0,"1":0,"2":0,"3":0,"4":0,"5":0,"6":0},"b":{"0":[0]},"_coverageSchema":"332fd63041d2c1bcb487cc26dd0d5f7d97098a6c","hash":"93bef578f8b0482436b15ba1862e4ea535d56608"}
,"/home/jandaryl/Sites/thesis/tests/Unit/Backend/Utils/stubs/createApp.js": {"path":"/home/jandaryl/Sites/thesis/tests/Unit/Backend/Utils/stubs/createApp.js","statementMap":{"0":{"start":{"line":68,"column":15},"end":{"line":68,"column":51}},"1":{"start":{"line":75,"column":17},"end":{"line":75,"column":65}},"2":{"start":{"line":82,"column":16},"end":{"line":82,"column":40}},"3":{"start":{"line":91,"column":2},"end":{"line":91,"column":37}},"4":{"start":{"line":100,"column":2},"end":{"line":100,"column":40}},"5":{"start":{"line":109,"column":2},"end":{"line":116,"column":3}},"6":{"start":{"line":110,"column":4},"end":{"line":115,"column":5}},"7":{"start":{"line":111,"column":6},"end":{"line":113,"column":7}},"8":{"start":{"line":112,"column":8},"end":{"line":112,"column":19}},"9":{"start":{"line":114,"column":6},"end":{"line":114,"column":64}},"10":{"start":{"line":137,"column":25},"end":{"line":167,"column":3}},"11":{"start":{"line":138,"column":19},"end":{"line":138,"column":41}},"12":{"start":{"line":140,"column":4},"end":{"line":164,"column":5}},"13":{"start":{"line":141,"column":6},"end":{"line":143,"column":7}},"14":{"start":{"line":142,"column":8},"end":{"line":142,"column":16}},"15":{"start":{"line":145,"column":20},"end":{"line":145,"column":70}},"16":{"start":{"line":147,"column":6},"end":{"line":150,"column":7}},"17":{"start":{"line":148,"column":8},"end":{"line":148,"column":36}},"18":{"start":{"line":149,"column":8},"end":{"line":149,"column":16}},"19":{"start":{"line":151,"column":6},"end":{"line":154,"column":7}},"20":{"start":{"line":152,"column":8},"end":{"line":152,"column":62}},"21":{"start":{"line":153,"column":8},"end":{"line":153,"column":16}},"22":{"start":{"line":155,"column":6},"end":{"line":158,"column":7}},"23":{"start":{"line":156,"column":8},"end":{"line":156,"column":64}},"24":{"start":{"line":157,"column":8},"end":{"line":157,"column":16}},"25":{"start":{"line":159,"column":6},"end":{"line":162,"column":7}},"26":{"start":{"line":160,"column":8},"end":{"line":160,"column":61}},"27":{"start":{"line":161,"column":8},"end":{"line":161,"column":16}},"28":{"start":{"line":163,"column":6},"end":{"line":163,"column":48}},"29":{"start":{"line":166,"column":4},"end":{"line":166,"column":19}},"30":{"start":{"line":173,"column":2},"end":{"line":173,"column":56}},"31":{"start":{"line":178,"column":13},"end":{"line":186,"column":3}},"32":{"start":{"line":179,"column":4},"end":{"line":185,"column":13}},"33":{"start":{"line":192,"column":2},"end":{"line":208,"column":3}},"34":{"start":{"line":194,"column":6},"end":{"line":194,"column":25}},"35":{"start":{"line":197,"column":6},"end":{"line":197,"column":27}},"36":{"start":{"line":200,"column":6},"end":{"line":200,"column":25}},"37":{"start":{"line":203,"column":6},"end":{"line":203,"column":27}},"38":{"start":{"line":206,"column":6},"end":{"line":206,"column":24}},"39":{"start":{"line":214,"column":2},"end":{"line":233,"column":3}},"40":{"start":{"line":215,"column":4},"end":{"line":218,"column":5}},"41":{"start":{"line":216,"column":6},"end":{"line":216,"column":26}},"42":{"start":{"line":217,"column":6},"end":{"line":217,"column":12}},"43":{"start":{"line":220,"column":4},"end":{"line":230,"column":5}},"44":{"start":{"line":221,"column":6},"end":{"line":224,"column":7}},"45":{"start":{"line":222,"column":8},"end":{"line":222,"column":56}},"46":{"start":{"line":223,"column":8},"end":{"line":223,"column":14}},"47":{"start":{"line":226,"column":6},"end":{"line":229,"column":7}},"48":{"start":{"line":227,"column":8},"end":{"line":227,"column":50}},"49":{"start":{"line":228,"column":8},"end":{"line":228,"column":14}},"50":{"start":{"line":232,"column":4},"end":{"line":232,"column":47}},"51":{"start":{"line":240,"column":2},"end":{"line":243,"column":4}},"52":{"start":{"line":241,"column":4},"end":{"line":241,"column":68}},"53":{"start":{"line":242,"column":4},"end":{"line":242,"column":10}},"54":{"start":{"line":249,"column":14},"end":{"line":254,"column":4}},"55":{"start":{"line":253,"column":19},"end":{"line":253,"column":25}},"56":{"start":{"line":256,"column":2},"end":{"line":256,"column":29}}},"fnMap":{"0":{"name":"createApp","decl":{"start":{"line":62,"column":16},"end":{"line":62,"column":25}},"loc":{"start":{"line":62,"column":29},"end":{"line":257,"column":1}},"line":62},"1":{"name":"(anonymous_1)","decl":{"start":{"line":110,"column":34},"end":{"line":110,"column":35}},"loc":{"start":{"line":110,"column":50},"end":{"line":115,"column":5}},"line":110},"2":{"name":"(anonymous_2)","decl":{"start":{"line":137,"column":25},"end":{"line":137,"column":26}},"loc":{"start":{"line":137,"column":54},"end":{"line":167,"column":3}},"line":137},"3":{"name":"(anonymous_3)","decl":{"start":{"line":178,"column":13},"end":{"line":178,"column":14}},"loc":{"start":{"line":178,"column":29},"end":{"line":186,"column":3}},"line":178},"4":{"name":"(anonymous_4)","decl":{"start":{"line":193,"column":11},"end":{"line":193,"column":12}},"loc":{"start":{"line":193,"column":21},"end":{"line":195,"column":5}},"line":193},"5":{"name":"(anonymous_5)","decl":{"start":{"line":196,"column":13},"end":{"line":196,"column":14}},"loc":{"start":{"line":196,"column":23},"end":{"line":198,"column":5}},"line":196},"6":{"name":"(anonymous_6)","decl":{"start":{"line":199,"column":11},"end":{"line":199,"column":12}},"loc":{"start":{"line":199,"column":21},"end":{"line":201,"column":5}},"line":199},"7":{"name":"(anonymous_7)","decl":{"start":{"line":202,"column":13},"end":{"line":202,"column":14}},"loc":{"start":{"line":202,"column":23},"end":{"line":204,"column":5}},"line":202},"8":{"name":"(anonymous_8)","decl":{"start":{"line":205,"column":10},"end":{"line":205,"column":11}},"loc":{"start":{"line":205,"column":20},"end":{"line":207,"column":5}},"line":205},"9":{"name":"(anonymous_9)","decl":{"start":{"line":214,"column":29},"end":{"line":214,"column":30}},"loc":{"start":{"line":214,"column":40},"end":{"line":233,"column":3}},"line":214},"10":{"name":"(anonymous_10)","decl":{"start":{"line":240,"column":20},"end":{"line":240,"column":21}},"loc":{"start":{"line":240,"column":40},"end":{"line":243,"column":3}},"line":240},"11":{"name":"(anonymous_11)","decl":{"start":{"line":253,"column":12},"end":{"line":253,"column":13}},"loc":{"start":{"line":253,"column":19},"end":{"line":253,"column":25}},"line":253}},"branchMap":{"0":{"loc":{"start":{"line":109,"column":2},"end":{"line":116,"column":3}},"type":"if","locations":[{"start":{"line":109,"column":2},"end":{"line":116,"column":3}},{"start":{"line":109,"column":2},"end":{"line":116,"column":3}}],"line":109},"1":{"loc":{"start":{"line":111,"column":6},"end":{"line":113,"column":7}},"type":"if","locations":[{"start":{"line":111,"column":6},"end":{"line":113,"column":7}},{"start":{"line":111,"column":6},"end":{"line":113,"column":7}}],"line":111},"2":{"loc":{"start":{"line":138,"column":19},"end":{"line":138,"column":41}},"type":"binary-expr","locations":[{"start":{"line":138,"column":19},"end":{"line":138,"column":23}},{"start":{"line":138,"column":27},"end":{"line":138,"column":41}}],"line":138},"3":{"loc":{"start":{"line":141,"column":6},"end":{"line":143,"column":7}},"type":"if","locations":[{"start":{"line":141,"column":6},"end":{"line":143,"column":7}},{"start":{"line":141,"column":6},"end":{"line":143,"column":7}}],"line":141},"4":{"loc":{"start":{"line":145,"column":20},"end":{"line":145,"column":70}},"type":"cond-expr","locations":[{"start":{"line":145,"column":32},"end":{"line":145,"column":59}},{"start":{"line":145,"column":62},"end":{"line":145,"column":70}}],"line":145},"5":{"loc":{"start":{"line":147,"column":6},"end":{"line":150,"column":7}},"type":"if","locations":[{"start":{"line":147,"column":6},"end":{"line":150,"column":7}},{"start":{"line":147,"column":6},"end":{"line":150,"column":7}}],"line":147},"6":{"loc":{"start":{"line":151,"column":6},"end":{"line":154,"column":7}},"type":"if","locations":[{"start":{"line":151,"column":6},"end":{"line":154,"column":7}},{"start":{"line":151,"column":6},"end":{"line":154,"column":7}}],"line":151},"7":{"loc":{"start":{"line":152,"column":33},"end":{"line":152,"column":61}},"type":"cond-expr","locations":[{"start":{"line":152,"column":52},"end":{"line":152,"column":55}},{"start":{"line":152,"column":58},"end":{"line":152,"column":61}}],"line":152},"8":{"loc":{"start":{"line":155,"column":6},"end":{"line":158,"column":7}},"type":"if","locations":[{"start":{"line":155,"column":6},"end":{"line":158,"column":7}},{"start":{"line":155,"column":6},"end":{"line":158,"column":7}}],"line":155},"9":{"loc":{"start":{"line":159,"column":6},"end":{"line":162,"column":7}},"type":"if","locations":[{"start":{"line":159,"column":6},"end":{"line":162,"column":7}},{"start":{"line":159,"column":6},"end":{"line":162,"column":7}}],"line":159},"10":{"loc":{"start":{"line":159,"column":10},"end":{"line":159,"column":85}},"type":"binary-expr","locations":[{"start":{"line":159,"column":10},"end":{"line":159,"column":46}},{"start":{"line":159,"column":50},"end":{"line":159,"column":85}}],"line":159},"11":{"loc":{"start":{"line":215,"column":4},"end":{"line":218,"column":5}},"type":"if","locations":[{"start":{"line":215,"column":4},"end":{"line":218,"column":5}},{"start":{"line":215,"column":4},"end":{"line":218,"column":5}}],"line":215},"12":{"loc":{"start":{"line":220,"column":4},"end":{"line":230,"column":5}},"type":"if","locations":[{"start":{"line":220,"column":4},"end":{"line":230,"column":5}},{"start":{"line":220,"column":4},"end":{"line":230,"column":5}}],"line":220},"13":{"loc":{"start":{"line":221,"column":6},"end":{"line":224,"column":7}},"type":"if","locations":[{"start":{"line":221,"column":6},"end":{"line":224,"column":7}},{"start":{"line":221,"column":6},"end":{"line":224,"column":7}}],"line":221},"14":{"loc":{"start":{"line":226,"column":6},"end":{"line":229,"column":7}},"type":"if","locations":[{"start":{"line":226,"column":6},"end":{"line":229,"column":7}},{"start":{"line":226,"column":6},"end":{"line":229,"column":7}}],"line":226}},"s":{"0":0,"1":0,"2":0,"3":0,"4":0,"5":0,"6":0,"7":0,"8":0,"9":0,"10":0,"11":0,"12":0,"13":0,"14":0,"15":0,"16":0,"17":0,"18":0,"19":0,"20":0,"21":0,"22":0,"23":0,"24":0,"25":0,"26":0,"27":0,"28":0,"29":0,"30":0,"31":0,"32":0,"33":0,"34":0,"35":0,"36":0,"37":0,"38":0,"39":0,"40":0,"41":0,"42":0,"43":0,"44":0,"45":0,"46":0,"47":0,"48":0,"49":0,"50":0,"51":0,"52":0,"53":0,"54":0,"55":0,"56":0},"f":{"0":0,"1":0,"2":0,"3":0,"4":0,"5":0,"6":0,"7":0,"8":0,"9":0,"10":0,"11":0},"b":{"0":[0,0],"1":[0,0],"2":[0,0],"3":[0,0],"4":[0,0],"5":[0,0],"6":[0,0],"7":[0,0],"8":[0,0],"9":[0,0],"10":[0,0],"11":[0,0],"12":[0,0],"13":[0,0],"14":[0,0]},"_coverageSchema":"332fd63041d2c1bcb487cc26dd0d5f7d97098a6c","hash":"b1e7855e04b80ce78d708e244b6b9ee458d28318"}
,"/home/jandaryl/Sites/thesis/tests/Unit/Backend/Utils/stubs/load-client-scripts.js": {"path":"/home/jandaryl/Sites/thesis/tests/Unit/Backend/Utils/stubs/load-client-scripts.js","statementMap":{"0":{"start":{"line":4,"column":21},"end":{"line":33,"column":1}},"1":{"start":{"line":41,"column":18},"end":{"line":76,"column":1}}},"fnMap":{},"branchMap":{},"s":{"0":2,"1":2},"f":{},"b":{},"_coverageSchema":"332fd63041d2c1bcb487cc26dd0d5f7d97098a6c","hash":"0ee09f65ff45c85e3f628b47f111b75998caef24"}
}
